<testsuites id="" name="" tests="10" failures="0" skipped="0" errors="0" time="38.999224000000005">
<testsuite name="demo-interactions.spec.ts" timestamp="2025-10-22T04:45:53.927Z" hostname="chromium" tests="8" failures="0" skipped="0" time="31.789" errors="0">
<testcase name="Abu OS 98 Demo - Interactive Tests › should load the demo page and show demo content" classname="demo-interactions.spec.ts" time="3.12">
</testcase>
<testcase name="Abu OS 98 Demo - Interactive Tests › should open start menu and select an option" classname="demo-interactions.spec.ts" time="4.524">
</testcase>
<testcase name="Abu OS 98 Demo - Interactive Tests › should interact with desktop icons" classname="demo-interactions.spec.ts" time="5.211">
</testcase>
<testcase name="Abu OS 98 Demo - Interactive Tests › should open and interact with windows" classname="demo-interactions.spec.ts" time="3.863">
</testcase>
<testcase name="Abu OS 98 Demo - Interactive Tests › should verify Windows 98 styling and aesthetics" classname="demo-interactions.spec.ts" time="2.873">
</testcase>
<testcase name="Abu OS 98 Demo - Interactive Tests › should handle window management operations" classname="demo-interactions.spec.ts" time="2.748">
</testcase>
<testcase name="Abu OS 98 Demo - Interactive Tests › should test keyboard interactions" classname="demo-interactions.spec.ts" time="4.333">
</testcase>
<testcase name="Abu OS 98 Demo - Interactive Tests › should handle rapid interactions and stress test" classname="demo-interactions.spec.ts" time="5.117">
</testcase>
</testsuite>
<testsuite name="demo-page-sanity.spec.ts" timestamp="2025-10-22T04:45:53.927Z" hostname="chromium" tests="1" failures="0" skipped="0" time="2.752" errors="0">
<testcase name="Demo Page Sanity Check › demo page should load and contain demo content" classname="demo-page-sanity.spec.ts" time="2.752">
<system-out>
<![CDATA[BROWSER: info %cDownload the React DevTools for a better development experience: https://react.dev/link/react-devtools font-weight:bold
BROWSER: log ✓ Mock kernel created
BROWSER: log ✓ Shell mounted successfully
BROWSER: log ✓ Desktop icon added
BROWSER: log ✓ Help System plugin installed
BROWSER: log Opening Help Topics window (first launch)...
PAGE ERROR: Cannot use 'in' operator to search for 'Symbol($state)' in window-1761108390280-wsl9mwzh2
]]>
</system-out>
</testcase>
</testsuite>
<testsuite name="new-demo-test.spec.ts" timestamp="2025-10-22T04:45:53.927Z" hostname="chromium" tests="1" failures="0" skipped="0" time="2.03" errors="0">
<testcase name="New Demo Page Test › new demo page should load" classname="new-demo-test.spec.ts" time="2.03">
<system-out>
<![CDATA[Page title: Abu OS Documentation
]]>
</system-out>
</testcase>
</testsuite>
</testsuites>