<testsuites id="" name="" tests="10" failures="10" skipped="0" errors="0" time="460.915168">
<testsuite name="demo-interactions.spec.ts" timestamp="2025-10-22T01:25:46.324Z" hostname="chromium" tests="8" failures="8" skipped="0" time="338.876" errors="0">
<testcase name="Abu OS 98 Demo - Interactive Tests › should load the demo page and show demo content" classname="demo-interactions.spec.ts" time="42.349">
<failure message="demo-interactions.spec.ts:15:7 should load the demo page and show demo content" type="FAILURE">
<![CDATA[  [chromium] › demo-interactions.spec.ts:15:7 › Abu OS 98 Demo - Interactive Tests › should load the demo page and show demo content 

    TimeoutError: page.waitForSelector: Timeout 10000ms exceeded.
    Call log:
      - waiting for locator('h1') to be visible


      10 |     
      11 |     // Wait for the demo page to load
    > 12 |     await page.waitForSelector('h1', { timeout: 10000 });
         |                ^
      13 |   });
      14 |
      15 |   test('should load the demo page and show demo content', async ({ page }) => {
        at /home/mo/Documents/Code/Abu-Specification/tests/e2e/demo-interactions.spec.ts:12:16

    attachment #1: screenshot (image/png) ──────────────────────────────────────────────────────────
    ../../test-results/demo-interactions-Abu-OS-9-66ecc--page-and-show-demo-content-chromium/test-failed-1.png
    ────────────────────────────────────────────────────────────────────────────────────────────────

    attachment #2: video (video/webm) ──────────────────────────────────────────────────────────────
    ../../test-results/demo-interactions-Abu-OS-9-66ecc--page-and-show-demo-content-chromium/video.webm
    ────────────────────────────────────────────────────────────────────────────────────────────────

    Error Context: ../../test-results/demo-interactions-Abu-OS-9-66ecc--page-and-show-demo-content-chromium/error-context.md

    attachment #4: trace (application/zip) ─────────────────────────────────────────────────────────
    ../../test-results/demo-interactions-Abu-OS-9-66ecc--page-and-show-demo-content-chromium/trace.zip
    Usage:

        npx playwright show-trace ../../test-results/demo-interactions-Abu-OS-9-66ecc--page-and-show-demo-content-chromium/trace.zip

    ────────────────────────────────────────────────────────────────────────────────────────────────

    Retry #1 ───────────────────────────────────────────────────────────────────────────────────────

    TimeoutError: page.waitForSelector: Timeout 10000ms exceeded.
    Call log:
      - waiting for locator('h1') to be visible


      10 |     
      11 |     // Wait for the demo page to load
    > 12 |     await page.waitForSelector('h1', { timeout: 10000 });
         |                ^
      13 |   });
      14 |
      15 |   test('should load the demo page and show demo content', async ({ page }) => {
        at /home/mo/Documents/Code/Abu-Specification/tests/e2e/demo-interactions.spec.ts:12:16

    attachment #1: screenshot (image/png) ──────────────────────────────────────────────────────────
    ../../test-results/demo-interactions-Abu-OS-9-66ecc--page-and-show-demo-content-chromium-retry1/test-failed-1.png
    ────────────────────────────────────────────────────────────────────────────────────────────────

    attachment #2: video (video/webm) ──────────────────────────────────────────────────────────────
    ../../test-results/demo-interactions-Abu-OS-9-66ecc--page-and-show-demo-content-chromium-retry1/video.webm
    ────────────────────────────────────────────────────────────────────────────────────────────────

    Error Context: ../../test-results/demo-interactions-Abu-OS-9-66ecc--page-and-show-demo-content-chromium-retry1/error-context.md

    attachment #4: trace (application/zip) ─────────────────────────────────────────────────────────
    ../../test-results/demo-interactions-Abu-OS-9-66ecc--page-and-show-demo-content-chromium-retry1/trace.zip
    Usage:

        npx playwright show-trace ../../test-results/demo-interactions-Abu-OS-9-66ecc--page-and-show-demo-content-chromium-retry1/trace.zip

    ────────────────────────────────────────────────────────────────────────────────────────────────

    Retry #2 ───────────────────────────────────────────────────────────────────────────────────────

    TimeoutError: page.waitForSelector: Timeout 10000ms exceeded.
    Call log:
      - waiting for locator('h1') to be visible


      10 |     
      11 |     // Wait for the demo page to load
    > 12 |     await page.waitForSelector('h1', { timeout: 10000 });
         |                ^
      13 |   });
      14 |
      15 |   test('should load the demo page and show demo content', async ({ page }) => {
        at /home/mo/Documents/Code/Abu-Specification/tests/e2e/demo-interactions.spec.ts:12:16

    attachment #1: screenshot (image/png) ──────────────────────────────────────────────────────────
    ../../test-results/demo-interactions-Abu-OS-9-66ecc--page-and-show-demo-content-chromium-retry2/test-failed-1.png
    ────────────────────────────────────────────────────────────────────────────────────────────────

    attachment #2: video (video/webm) ──────────────────────────────────────────────────────────────
    ../../test-results/demo-interactions-Abu-OS-9-66ecc--page-and-show-demo-content-chromium-retry2/video.webm
    ────────────────────────────────────────────────────────────────────────────────────────────────

    Error Context: ../../test-results/demo-interactions-Abu-OS-9-66ecc--page-and-show-demo-content-chromium-retry2/error-context.md

    attachment #4: trace (application/zip) ─────────────────────────────────────────────────────────
    ../../test-results/demo-interactions-Abu-OS-9-66ecc--page-and-show-demo-content-chromium-retry2/trace.zip
    Usage:

        npx playwright show-trace ../../test-results/demo-interactions-Abu-OS-9-66ecc--page-and-show-demo-content-chromium-retry2/trace.zip

    ────────────────────────────────────────────────────────────────────────────────────────────────
]]>
</failure>
<system-out>
<![CDATA[
[[ATTACHMENT|demo-interactions-Abu-OS-9-66ecc--page-and-show-demo-content-chromium/test-failed-1.png]]

[[ATTACHMENT|demo-interactions-Abu-OS-9-66ecc--page-and-show-demo-content-chromium/video.webm]]

[[ATTACHMENT|demo-interactions-Abu-OS-9-66ecc--page-and-show-demo-content-chromium/error-context.md]]

[[ATTACHMENT|demo-interactions-Abu-OS-9-66ecc--page-and-show-demo-content-chromium/trace.zip]]

[[ATTACHMENT|demo-interactions-Abu-OS-9-66ecc--page-and-show-demo-content-chromium-retry1/test-failed-1.png]]

[[ATTACHMENT|demo-interactions-Abu-OS-9-66ecc--page-and-show-demo-content-chromium-retry1/video.webm]]

[[ATTACHMENT|demo-interactions-Abu-OS-9-66ecc--page-and-show-demo-content-chromium-retry1/error-context.md]]

[[ATTACHMENT|demo-interactions-Abu-OS-9-66ecc--page-and-show-demo-content-chromium-retry1/trace.zip]]

[[ATTACHMENT|demo-interactions-Abu-OS-9-66ecc--page-and-show-demo-content-chromium-retry2/test-failed-1.png]]

[[ATTACHMENT|demo-interactions-Abu-OS-9-66ecc--page-and-show-demo-content-chromium-retry2/video.webm]]

[[ATTACHMENT|demo-interactions-Abu-OS-9-66ecc--page-and-show-demo-content-chromium-retry2/error-context.md]]

[[ATTACHMENT|demo-interactions-Abu-OS-9-66ecc--page-and-show-demo-content-chromium-retry2/trace.zip]]
]]>
</system-out>
</testcase>
<testcase name="Abu OS 98 Demo - Interactive Tests › should open start menu and select an option" classname="demo-interactions.spec.ts" time="41.91">
<failure message="demo-interactions.spec.ts:27:7 should open start menu and select an option" type="FAILURE">
<![CDATA[  [chromium] › demo-interactions.spec.ts:27:7 › Abu OS 98 Demo - Interactive Tests › should open start menu and select an option 

    TimeoutError: page.waitForSelector: Timeout 10000ms exceeded.
    Call log:
      - waiting for locator('h1') to be visible


      10 |     
      11 |     // Wait for the demo page to load
    > 12 |     await page.waitForSelector('h1', { timeout: 10000 });
         |                ^
      13 |   });
      14 |
      15 |   test('should load the demo page and show demo content', async ({ page }) => {
        at /home/mo/Documents/Code/Abu-Specification/tests/e2e/demo-interactions.spec.ts:12:16

    attachment #1: screenshot (image/png) ──────────────────────────────────────────────────────────
    ../../test-results/demo-interactions-Abu-OS-9-342ec-t-menu-and-select-an-option-chromium/test-failed-1.png
    ────────────────────────────────────────────────────────────────────────────────────────────────

    attachment #2: video (video/webm) ──────────────────────────────────────────────────────────────
    ../../test-results/demo-interactions-Abu-OS-9-342ec-t-menu-and-select-an-option-chromium/video.webm
    ────────────────────────────────────────────────────────────────────────────────────────────────

    Error Context: ../../test-results/demo-interactions-Abu-OS-9-342ec-t-menu-and-select-an-option-chromium/error-context.md

    attachment #4: trace (application/zip) ─────────────────────────────────────────────────────────
    ../../test-results/demo-interactions-Abu-OS-9-342ec-t-menu-and-select-an-option-chromium/trace.zip
    Usage:

        npx playwright show-trace ../../test-results/demo-interactions-Abu-OS-9-342ec-t-menu-and-select-an-option-chromium/trace.zip

    ────────────────────────────────────────────────────────────────────────────────────────────────

    Retry #1 ───────────────────────────────────────────────────────────────────────────────────────

    TimeoutError: page.waitForSelector: Timeout 10000ms exceeded.
    Call log:
      - waiting for locator('h1') to be visible


      10 |     
      11 |     // Wait for the demo page to load
    > 12 |     await page.waitForSelector('h1', { timeout: 10000 });
         |                ^
      13 |   });
      14 |
      15 |   test('should load the demo page and show demo content', async ({ page }) => {
        at /home/mo/Documents/Code/Abu-Specification/tests/e2e/demo-interactions.spec.ts:12:16

    attachment #1: screenshot (image/png) ──────────────────────────────────────────────────────────
    ../../test-results/demo-interactions-Abu-OS-9-342ec-t-menu-and-select-an-option-chromium-retry1/test-failed-1.png
    ────────────────────────────────────────────────────────────────────────────────────────────────

    attachment #2: video (video/webm) ──────────────────────────────────────────────────────────────
    ../../test-results/demo-interactions-Abu-OS-9-342ec-t-menu-and-select-an-option-chromium-retry1/video.webm
    ────────────────────────────────────────────────────────────────────────────────────────────────

    Error Context: ../../test-results/demo-interactions-Abu-OS-9-342ec-t-menu-and-select-an-option-chromium-retry1/error-context.md

    attachment #4: trace (application/zip) ─────────────────────────────────────────────────────────
    ../../test-results/demo-interactions-Abu-OS-9-342ec-t-menu-and-select-an-option-chromium-retry1/trace.zip
    Usage:

        npx playwright show-trace ../../test-results/demo-interactions-Abu-OS-9-342ec-t-menu-and-select-an-option-chromium-retry1/trace.zip

    ────────────────────────────────────────────────────────────────────────────────────────────────

    Retry #2 ───────────────────────────────────────────────────────────────────────────────────────

    TimeoutError: page.waitForSelector: Timeout 10000ms exceeded.
    Call log:
      - waiting for locator('h1') to be visible


      10 |     
      11 |     // Wait for the demo page to load
    > 12 |     await page.waitForSelector('h1', { timeout: 10000 });
         |                ^
      13 |   });
      14 |
      15 |   test('should load the demo page and show demo content', async ({ page }) => {
        at /home/mo/Documents/Code/Abu-Specification/tests/e2e/demo-interactions.spec.ts:12:16

    attachment #1: screenshot (image/png) ──────────────────────────────────────────────────────────
    ../../test-results/demo-interactions-Abu-OS-9-342ec-t-menu-and-select-an-option-chromium-retry2/test-failed-1.png
    ────────────────────────────────────────────────────────────────────────────────────────────────

    attachment #2: video (video/webm) ──────────────────────────────────────────────────────────────
    ../../test-results/demo-interactions-Abu-OS-9-342ec-t-menu-and-select-an-option-chromium-retry2/video.webm
    ────────────────────────────────────────────────────────────────────────────────────────────────

    Error Context: ../../test-results/demo-interactions-Abu-OS-9-342ec-t-menu-and-select-an-option-chromium-retry2/error-context.md

    attachment #4: trace (application/zip) ─────────────────────────────────────────────────────────
    ../../test-results/demo-interactions-Abu-OS-9-342ec-t-menu-and-select-an-option-chromium-retry2/trace.zip
    Usage:

        npx playwright show-trace ../../test-results/demo-interactions-Abu-OS-9-342ec-t-menu-and-select-an-option-chromium-retry2/trace.zip

    ────────────────────────────────────────────────────────────────────────────────────────────────
]]>
</failure>
<system-out>
<![CDATA[
[[ATTACHMENT|demo-interactions-Abu-OS-9-342ec-t-menu-and-select-an-option-chromium/test-failed-1.png]]

[[ATTACHMENT|demo-interactions-Abu-OS-9-342ec-t-menu-and-select-an-option-chromium/video.webm]]

[[ATTACHMENT|demo-interactions-Abu-OS-9-342ec-t-menu-and-select-an-option-chromium/error-context.md]]

[[ATTACHMENT|demo-interactions-Abu-OS-9-342ec-t-menu-and-select-an-option-chromium/trace.zip]]

[[ATTACHMENT|demo-interactions-Abu-OS-9-342ec-t-menu-and-select-an-option-chromium-retry1/test-failed-1.png]]

[[ATTACHMENT|demo-interactions-Abu-OS-9-342ec-t-menu-and-select-an-option-chromium-retry1/video.webm]]

[[ATTACHMENT|demo-interactions-Abu-OS-9-342ec-t-menu-and-select-an-option-chromium-retry1/error-context.md]]

[[ATTACHMENT|demo-interactions-Abu-OS-9-342ec-t-menu-and-select-an-option-chromium-retry1/trace.zip]]

[[ATTACHMENT|demo-interactions-Abu-OS-9-342ec-t-menu-and-select-an-option-chromium-retry2/test-failed-1.png]]

[[ATTACHMENT|demo-interactions-Abu-OS-9-342ec-t-menu-and-select-an-option-chromium-retry2/video.webm]]

[[ATTACHMENT|demo-interactions-Abu-OS-9-342ec-t-menu-and-select-an-option-chromium-retry2/error-context.md]]

[[ATTACHMENT|demo-interactions-Abu-OS-9-342ec-t-menu-and-select-an-option-chromium-retry2/trace.zip]]
]]>
</system-out>
</testcase>
<testcase name="Abu OS 98 Demo - Interactive Tests › should interact with desktop icons" classname="demo-interactions.spec.ts" time="43.167">
<failure message="demo-interactions.spec.ts:57:7 should interact with desktop icons" type="FAILURE">
<![CDATA[  [chromium] › demo-interactions.spec.ts:57:7 › Abu OS 98 Demo - Interactive Tests › should interact with desktop icons 

    TimeoutError: page.waitForSelector: Timeout 10000ms exceeded.
    Call log:
      - waiting for locator('h1') to be visible


      10 |     
      11 |     // Wait for the demo page to load
    > 12 |     await page.waitForSelector('h1', { timeout: 10000 });
         |                ^
      13 |   });
      14 |
      15 |   test('should load the demo page and show demo content', async ({ page }) => {
        at /home/mo/Documents/Code/Abu-Specification/tests/e2e/demo-interactions.spec.ts:12:16

    attachment #1: screenshot (image/png) ──────────────────────────────────────────────────────────
    ../../test-results/demo-interactions-Abu-OS-9-307ef-interact-with-desktop-icons-chromium/test-failed-1.png
    ────────────────────────────────────────────────────────────────────────────────────────────────

    attachment #2: video (video/webm) ──────────────────────────────────────────────────────────────
    ../../test-results/demo-interactions-Abu-OS-9-307ef-interact-with-desktop-icons-chromium/video.webm
    ────────────────────────────────────────────────────────────────────────────────────────────────

    Error Context: ../../test-results/demo-interactions-Abu-OS-9-307ef-interact-with-desktop-icons-chromium/error-context.md

    attachment #4: trace (application/zip) ─────────────────────────────────────────────────────────
    ../../test-results/demo-interactions-Abu-OS-9-307ef-interact-with-desktop-icons-chromium/trace.zip
    Usage:

        npx playwright show-trace ../../test-results/demo-interactions-Abu-OS-9-307ef-interact-with-desktop-icons-chromium/trace.zip

    ────────────────────────────────────────────────────────────────────────────────────────────────

    Retry #1 ───────────────────────────────────────────────────────────────────────────────────────

    TimeoutError: page.waitForSelector: Timeout 10000ms exceeded.
    Call log:
      - waiting for locator('h1') to be visible


      10 |     
      11 |     // Wait for the demo page to load
    > 12 |     await page.waitForSelector('h1', { timeout: 10000 });
         |                ^
      13 |   });
      14 |
      15 |   test('should load the demo page and show demo content', async ({ page }) => {
        at /home/mo/Documents/Code/Abu-Specification/tests/e2e/demo-interactions.spec.ts:12:16

    attachment #1: screenshot (image/png) ──────────────────────────────────────────────────────────
    ../../test-results/demo-interactions-Abu-OS-9-307ef-interact-with-desktop-icons-chromium-retry1/test-failed-1.png
    ────────────────────────────────────────────────────────────────────────────────────────────────

    attachment #2: video (video/webm) ──────────────────────────────────────────────────────────────
    ../../test-results/demo-interactions-Abu-OS-9-307ef-interact-with-desktop-icons-chromium-retry1/video.webm
    ────────────────────────────────────────────────────────────────────────────────────────────────

    Error Context: ../../test-results/demo-interactions-Abu-OS-9-307ef-interact-with-desktop-icons-chromium-retry1/error-context.md

    attachment #4: trace (application/zip) ─────────────────────────────────────────────────────────
    ../../test-results/demo-interactions-Abu-OS-9-307ef-interact-with-desktop-icons-chromium-retry1/trace.zip
    Usage:

        npx playwright show-trace ../../test-results/demo-interactions-Abu-OS-9-307ef-interact-with-desktop-icons-chromium-retry1/trace.zip

    ────────────────────────────────────────────────────────────────────────────────────────────────

    Retry #2 ───────────────────────────────────────────────────────────────────────────────────────

    TimeoutError: page.waitForSelector: Timeout 10000ms exceeded.
    Call log:
      - waiting for locator('h1') to be visible


      10 |     
      11 |     // Wait for the demo page to load
    > 12 |     await page.waitForSelector('h1', { timeout: 10000 });
         |                ^
      13 |   });
      14 |
      15 |   test('should load the demo page and show demo content', async ({ page }) => {
        at /home/mo/Documents/Code/Abu-Specification/tests/e2e/demo-interactions.spec.ts:12:16

    attachment #1: screenshot (image/png) ──────────────────────────────────────────────────────────
    ../../test-results/demo-interactions-Abu-OS-9-307ef-interact-with-desktop-icons-chromium-retry2/test-failed-1.png
    ────────────────────────────────────────────────────────────────────────────────────────────────

    attachment #2: video (video/webm) ──────────────────────────────────────────────────────────────
    ../../test-results/demo-interactions-Abu-OS-9-307ef-interact-with-desktop-icons-chromium-retry2/video.webm
    ────────────────────────────────────────────────────────────────────────────────────────────────

    Error Context: ../../test-results/demo-interactions-Abu-OS-9-307ef-interact-with-desktop-icons-chromium-retry2/error-context.md

    attachment #4: trace (application/zip) ─────────────────────────────────────────────────────────
    ../../test-results/demo-interactions-Abu-OS-9-307ef-interact-with-desktop-icons-chromium-retry2/trace.zip
    Usage:

        npx playwright show-trace ../../test-results/demo-interactions-Abu-OS-9-307ef-interact-with-desktop-icons-chromium-retry2/trace.zip

    ────────────────────────────────────────────────────────────────────────────────────────────────
]]>
</failure>
<system-out>
<![CDATA[
[[ATTACHMENT|demo-interactions-Abu-OS-9-307ef-interact-with-desktop-icons-chromium/test-failed-1.png]]

[[ATTACHMENT|demo-interactions-Abu-OS-9-307ef-interact-with-desktop-icons-chromium/video.webm]]

[[ATTACHMENT|demo-interactions-Abu-OS-9-307ef-interact-with-desktop-icons-chromium/error-context.md]]

[[ATTACHMENT|demo-interactions-Abu-OS-9-307ef-interact-with-desktop-icons-chromium/trace.zip]]

[[ATTACHMENT|demo-interactions-Abu-OS-9-307ef-interact-with-desktop-icons-chromium-retry1/test-failed-1.png]]

[[ATTACHMENT|demo-interactions-Abu-OS-9-307ef-interact-with-desktop-icons-chromium-retry1/video.webm]]

[[ATTACHMENT|demo-interactions-Abu-OS-9-307ef-interact-with-desktop-icons-chromium-retry1/error-context.md]]

[[ATTACHMENT|demo-interactions-Abu-OS-9-307ef-interact-with-desktop-icons-chromium-retry1/trace.zip]]

[[ATTACHMENT|demo-interactions-Abu-OS-9-307ef-interact-with-desktop-icons-chromium-retry2/test-failed-1.png]]

[[ATTACHMENT|demo-interactions-Abu-OS-9-307ef-interact-with-desktop-icons-chromium-retry2/video.webm]]

[[ATTACHMENT|demo-interactions-Abu-OS-9-307ef-interact-with-desktop-icons-chromium-retry2/error-context.md]]

[[ATTACHMENT|demo-interactions-Abu-OS-9-307ef-interact-with-desktop-icons-chromium-retry2/trace.zip]]
]]>
</system-out>
</testcase>
<testcase name="Abu OS 98 Demo - Interactive Tests › should open and interact with windows" classname="demo-interactions.spec.ts" time="41.47">
<failure message="demo-interactions.spec.ts:78:7 should open and interact with windows" type="FAILURE">
<![CDATA[  [chromium] › demo-interactions.spec.ts:78:7 › Abu OS 98 Demo - Interactive Tests › should open and interact with windows 

    TimeoutError: page.waitForSelector: Timeout 10000ms exceeded.
    Call log:
      - waiting for locator('h1') to be visible


      10 |     
      11 |     // Wait for the demo page to load
    > 12 |     await page.waitForSelector('h1', { timeout: 10000 });
         |                ^
      13 |   });
      14 |
      15 |   test('should load the demo page and show demo content', async ({ page }) => {
        at /home/mo/Documents/Code/Abu-Specification/tests/e2e/demo-interactions.spec.ts:12:16

    attachment #1: screenshot (image/png) ──────────────────────────────────────────────────────────
    ../../test-results/demo-interactions-Abu-OS-9-79b7c-n-and-interact-with-windows-chromium/test-failed-1.png
    ────────────────────────────────────────────────────────────────────────────────────────────────

    attachment #2: video (video/webm) ──────────────────────────────────────────────────────────────
    ../../test-results/demo-interactions-Abu-OS-9-79b7c-n-and-interact-with-windows-chromium/video.webm
    ────────────────────────────────────────────────────────────────────────────────────────────────

    Error Context: ../../test-results/demo-interactions-Abu-OS-9-79b7c-n-and-interact-with-windows-chromium/error-context.md

    attachment #4: trace (application/zip) ─────────────────────────────────────────────────────────
    ../../test-results/demo-interactions-Abu-OS-9-79b7c-n-and-interact-with-windows-chromium/trace.zip
    Usage:

        npx playwright show-trace ../../test-results/demo-interactions-Abu-OS-9-79b7c-n-and-interact-with-windows-chromium/trace.zip

    ────────────────────────────────────────────────────────────────────────────────────────────────

    Retry #1 ───────────────────────────────────────────────────────────────────────────────────────

    TimeoutError: page.waitForSelector: Timeout 10000ms exceeded.
    Call log:
      - waiting for locator('h1') to be visible


      10 |     
      11 |     // Wait for the demo page to load
    > 12 |     await page.waitForSelector('h1', { timeout: 10000 });
         |                ^
      13 |   });
      14 |
      15 |   test('should load the demo page and show demo content', async ({ page }) => {
        at /home/mo/Documents/Code/Abu-Specification/tests/e2e/demo-interactions.spec.ts:12:16

    attachment #1: screenshot (image/png) ──────────────────────────────────────────────────────────
    ../../test-results/demo-interactions-Abu-OS-9-79b7c-n-and-interact-with-windows-chromium-retry1/test-failed-1.png
    ────────────────────────────────────────────────────────────────────────────────────────────────

    attachment #2: video (video/webm) ──────────────────────────────────────────────────────────────
    ../../test-results/demo-interactions-Abu-OS-9-79b7c-n-and-interact-with-windows-chromium-retry1/video.webm
    ────────────────────────────────────────────────────────────────────────────────────────────────

    Error Context: ../../test-results/demo-interactions-Abu-OS-9-79b7c-n-and-interact-with-windows-chromium-retry1/error-context.md

    attachment #4: trace (application/zip) ─────────────────────────────────────────────────────────
    ../../test-results/demo-interactions-Abu-OS-9-79b7c-n-and-interact-with-windows-chromium-retry1/trace.zip
    Usage:

        npx playwright show-trace ../../test-results/demo-interactions-Abu-OS-9-79b7c-n-and-interact-with-windows-chromium-retry1/trace.zip

    ────────────────────────────────────────────────────────────────────────────────────────────────

    Retry #2 ───────────────────────────────────────────────────────────────────────────────────────

    TimeoutError: page.waitForSelector: Timeout 10000ms exceeded.
    Call log:
      - waiting for locator('h1') to be visible


      10 |     
      11 |     // Wait for the demo page to load
    > 12 |     await page.waitForSelector('h1', { timeout: 10000 });
         |                ^
      13 |   });
      14 |
      15 |   test('should load the demo page and show demo content', async ({ page }) => {
        at /home/mo/Documents/Code/Abu-Specification/tests/e2e/demo-interactions.spec.ts:12:16

    attachment #1: screenshot (image/png) ──────────────────────────────────────────────────────────
    ../../test-results/demo-interactions-Abu-OS-9-79b7c-n-and-interact-with-windows-chromium-retry2/test-failed-1.png
    ────────────────────────────────────────────────────────────────────────────────────────────────

    attachment #2: video (video/webm) ──────────────────────────────────────────────────────────────
    ../../test-results/demo-interactions-Abu-OS-9-79b7c-n-and-interact-with-windows-chromium-retry2/video.webm
    ────────────────────────────────────────────────────────────────────────────────────────────────

    Error Context: ../../test-results/demo-interactions-Abu-OS-9-79b7c-n-and-interact-with-windows-chromium-retry2/error-context.md

    attachment #4: trace (application/zip) ─────────────────────────────────────────────────────────
    ../../test-results/demo-interactions-Abu-OS-9-79b7c-n-and-interact-with-windows-chromium-retry2/trace.zip
    Usage:

        npx playwright show-trace ../../test-results/demo-interactions-Abu-OS-9-79b7c-n-and-interact-with-windows-chromium-retry2/trace.zip

    ────────────────────────────────────────────────────────────────────────────────────────────────
]]>
</failure>
<system-out>
<![CDATA[
[[ATTACHMENT|demo-interactions-Abu-OS-9-79b7c-n-and-interact-with-windows-chromium/test-failed-1.png]]

[[ATTACHMENT|demo-interactions-Abu-OS-9-79b7c-n-and-interact-with-windows-chromium/video.webm]]

[[ATTACHMENT|demo-interactions-Abu-OS-9-79b7c-n-and-interact-with-windows-chromium/error-context.md]]

[[ATTACHMENT|demo-interactions-Abu-OS-9-79b7c-n-and-interact-with-windows-chromium/trace.zip]]

[[ATTACHMENT|demo-interactions-Abu-OS-9-79b7c-n-and-interact-with-windows-chromium-retry1/test-failed-1.png]]

[[ATTACHMENT|demo-interactions-Abu-OS-9-79b7c-n-and-interact-with-windows-chromium-retry1/video.webm]]

[[ATTACHMENT|demo-interactions-Abu-OS-9-79b7c-n-and-interact-with-windows-chromium-retry1/error-context.md]]

[[ATTACHMENT|demo-interactions-Abu-OS-9-79b7c-n-and-interact-with-windows-chromium-retry1/trace.zip]]

[[ATTACHMENT|demo-interactions-Abu-OS-9-79b7c-n-and-interact-with-windows-chromium-retry2/test-failed-1.png]]

[[ATTACHMENT|demo-interactions-Abu-OS-9-79b7c-n-and-interact-with-windows-chromium-retry2/video.webm]]

[[ATTACHMENT|demo-interactions-Abu-OS-9-79b7c-n-and-interact-with-windows-chromium-retry2/error-context.md]]

[[ATTACHMENT|demo-interactions-Abu-OS-9-79b7c-n-and-interact-with-windows-chromium-retry2/trace.zip]]
]]>
</system-out>
</testcase>
<testcase name="Abu OS 98 Demo - Interactive Tests › should verify Windows 98 styling and aesthetics" classname="demo-interactions.spec.ts" time="42.557">
<failure message="demo-interactions.spec.ts:150:7 should verify Windows 98 styling and aesthetics" type="FAILURE">
<![CDATA[  [chromium] › demo-interactions.spec.ts:150:7 › Abu OS 98 Demo - Interactive Tests › should verify Windows 98 styling and aesthetics 

    TimeoutError: page.waitForSelector: Timeout 10000ms exceeded.
    Call log:
      - waiting for locator('h1') to be visible


      10 |     
      11 |     // Wait for the demo page to load
    > 12 |     await page.waitForSelector('h1', { timeout: 10000 });
         |                ^
      13 |   });
      14 |
      15 |   test('should load the demo page and show demo content', async ({ page }) => {
        at /home/mo/Documents/Code/Abu-Specification/tests/e2e/demo-interactions.spec.ts:12:16

    attachment #1: screenshot (image/png) ──────────────────────────────────────────────────────────
    ../../test-results/demo-interactions-Abu-OS-9-1660f-s-98-styling-and-aesthetics-chromium/test-failed-1.png
    ────────────────────────────────────────────────────────────────────────────────────────────────

    attachment #2: video (video/webm) ──────────────────────────────────────────────────────────────
    ../../test-results/demo-interactions-Abu-OS-9-1660f-s-98-styling-and-aesthetics-chromium/video.webm
    ────────────────────────────────────────────────────────────────────────────────────────────────

    Error Context: ../../test-results/demo-interactions-Abu-OS-9-1660f-s-98-styling-and-aesthetics-chromium/error-context.md

    attachment #4: trace (application/zip) ─────────────────────────────────────────────────────────
    ../../test-results/demo-interactions-Abu-OS-9-1660f-s-98-styling-and-aesthetics-chromium/trace.zip
    Usage:

        npx playwright show-trace ../../test-results/demo-interactions-Abu-OS-9-1660f-s-98-styling-and-aesthetics-chromium/trace.zip

    ────────────────────────────────────────────────────────────────────────────────────────────────

    Retry #1 ───────────────────────────────────────────────────────────────────────────────────────

    TimeoutError: page.waitForSelector: Timeout 10000ms exceeded.
    Call log:
      - waiting for locator('h1') to be visible


      10 |     
      11 |     // Wait for the demo page to load
    > 12 |     await page.waitForSelector('h1', { timeout: 10000 });
         |                ^
      13 |   });
      14 |
      15 |   test('should load the demo page and show demo content', async ({ page }) => {
        at /home/mo/Documents/Code/Abu-Specification/tests/e2e/demo-interactions.spec.ts:12:16

    attachment #1: screenshot (image/png) ──────────────────────────────────────────────────────────
    ../../test-results/demo-interactions-Abu-OS-9-1660f-s-98-styling-and-aesthetics-chromium-retry1/test-failed-1.png
    ────────────────────────────────────────────────────────────────────────────────────────────────

    attachment #2: video (video/webm) ──────────────────────────────────────────────────────────────
    ../../test-results/demo-interactions-Abu-OS-9-1660f-s-98-styling-and-aesthetics-chromium-retry1/video.webm
    ────────────────────────────────────────────────────────────────────────────────────────────────

    Error Context: ../../test-results/demo-interactions-Abu-OS-9-1660f-s-98-styling-and-aesthetics-chromium-retry1/error-context.md

    attachment #4: trace (application/zip) ─────────────────────────────────────────────────────────
    ../../test-results/demo-interactions-Abu-OS-9-1660f-s-98-styling-and-aesthetics-chromium-retry1/trace.zip
    Usage:

        npx playwright show-trace ../../test-results/demo-interactions-Abu-OS-9-1660f-s-98-styling-and-aesthetics-chromium-retry1/trace.zip

    ────────────────────────────────────────────────────────────────────────────────────────────────

    Retry #2 ───────────────────────────────────────────────────────────────────────────────────────

    TimeoutError: page.waitForSelector: Timeout 10000ms exceeded.
    Call log:
      - waiting for locator('h1') to be visible


      10 |     
      11 |     // Wait for the demo page to load
    > 12 |     await page.waitForSelector('h1', { timeout: 10000 });
         |                ^
      13 |   });
      14 |
      15 |   test('should load the demo page and show demo content', async ({ page }) => {
        at /home/mo/Documents/Code/Abu-Specification/tests/e2e/demo-interactions.spec.ts:12:16

    attachment #1: screenshot (image/png) ──────────────────────────────────────────────────────────
    ../../test-results/demo-interactions-Abu-OS-9-1660f-s-98-styling-and-aesthetics-chromium-retry2/test-failed-1.png
    ────────────────────────────────────────────────────────────────────────────────────────────────

    attachment #2: video (video/webm) ──────────────────────────────────────────────────────────────
    ../../test-results/demo-interactions-Abu-OS-9-1660f-s-98-styling-and-aesthetics-chromium-retry2/video.webm
    ────────────────────────────────────────────────────────────────────────────────────────────────

    Error Context: ../../test-results/demo-interactions-Abu-OS-9-1660f-s-98-styling-and-aesthetics-chromium-retry2/error-context.md

    attachment #4: trace (application/zip) ─────────────────────────────────────────────────────────
    ../../test-results/demo-interactions-Abu-OS-9-1660f-s-98-styling-and-aesthetics-chromium-retry2/trace.zip
    Usage:

        npx playwright show-trace ../../test-results/demo-interactions-Abu-OS-9-1660f-s-98-styling-and-aesthetics-chromium-retry2/trace.zip

    ────────────────────────────────────────────────────────────────────────────────────────────────
]]>
</failure>
<system-out>
<![CDATA[
[[ATTACHMENT|demo-interactions-Abu-OS-9-1660f-s-98-styling-and-aesthetics-chromium/test-failed-1.png]]

[[ATTACHMENT|demo-interactions-Abu-OS-9-1660f-s-98-styling-and-aesthetics-chromium/video.webm]]

[[ATTACHMENT|demo-interactions-Abu-OS-9-1660f-s-98-styling-and-aesthetics-chromium/error-context.md]]

[[ATTACHMENT|demo-interactions-Abu-OS-9-1660f-s-98-styling-and-aesthetics-chromium/trace.zip]]

[[ATTACHMENT|demo-interactions-Abu-OS-9-1660f-s-98-styling-and-aesthetics-chromium-retry1/test-failed-1.png]]

[[ATTACHMENT|demo-interactions-Abu-OS-9-1660f-s-98-styling-and-aesthetics-chromium-retry1/video.webm]]

[[ATTACHMENT|demo-interactions-Abu-OS-9-1660f-s-98-styling-and-aesthetics-chromium-retry1/error-context.md]]

[[ATTACHMENT|demo-interactions-Abu-OS-9-1660f-s-98-styling-and-aesthetics-chromium-retry1/trace.zip]]

[[ATTACHMENT|demo-interactions-Abu-OS-9-1660f-s-98-styling-and-aesthetics-chromium-retry2/test-failed-1.png]]

[[ATTACHMENT|demo-interactions-Abu-OS-9-1660f-s-98-styling-and-aesthetics-chromium-retry2/video.webm]]

[[ATTACHMENT|demo-interactions-Abu-OS-9-1660f-s-98-styling-and-aesthetics-chromium-retry2/error-context.md]]

[[ATTACHMENT|demo-interactions-Abu-OS-9-1660f-s-98-styling-and-aesthetics-chromium-retry2/trace.zip]]
]]>
</system-out>
</testcase>
<testcase name="Abu OS 98 Demo - Interactive Tests › should handle window management operations" classname="demo-interactions.spec.ts" time="42.201">
<failure message="demo-interactions.spec.ts:185:7 should handle window management operations" type="FAILURE">
<![CDATA[  [chromium] › demo-interactions.spec.ts:185:7 › Abu OS 98 Demo - Interactive Tests › should handle window management operations 

    TimeoutError: page.waitForSelector: Timeout 10000ms exceeded.
    Call log:
      - waiting for locator('h1') to be visible


      10 |     
      11 |     // Wait for the demo page to load
    > 12 |     await page.waitForSelector('h1', { timeout: 10000 });
         |                ^
      13 |   });
      14 |
      15 |   test('should load the demo page and show demo content', async ({ page }) => {
        at /home/mo/Documents/Code/Abu-Specification/tests/e2e/demo-interactions.spec.ts:12:16

    attachment #1: screenshot (image/png) ──────────────────────────────────────────────────────────
    ../../test-results/demo-interactions-Abu-OS-9-81b54-indow-management-operations-chromium/test-failed-1.png
    ────────────────────────────────────────────────────────────────────────────────────────────────

    attachment #2: video (video/webm) ──────────────────────────────────────────────────────────────
    ../../test-results/demo-interactions-Abu-OS-9-81b54-indow-management-operations-chromium/video.webm
    ────────────────────────────────────────────────────────────────────────────────────────────────

    Error Context: ../../test-results/demo-interactions-Abu-OS-9-81b54-indow-management-operations-chromium/error-context.md

    attachment #4: trace (application/zip) ─────────────────────────────────────────────────────────
    ../../test-results/demo-interactions-Abu-OS-9-81b54-indow-management-operations-chromium/trace.zip
    Usage:

        npx playwright show-trace ../../test-results/demo-interactions-Abu-OS-9-81b54-indow-management-operations-chromium/trace.zip

    ────────────────────────────────────────────────────────────────────────────────────────────────

    Retry #1 ───────────────────────────────────────────────────────────────────────────────────────

    TimeoutError: page.waitForSelector: Timeout 10000ms exceeded.
    Call log:
      - waiting for locator('h1') to be visible


      10 |     
      11 |     // Wait for the demo page to load
    > 12 |     await page.waitForSelector('h1', { timeout: 10000 });
         |                ^
      13 |   });
      14 |
      15 |   test('should load the demo page and show demo content', async ({ page }) => {
        at /home/mo/Documents/Code/Abu-Specification/tests/e2e/demo-interactions.spec.ts:12:16

    attachment #1: screenshot (image/png) ──────────────────────────────────────────────────────────
    ../../test-results/demo-interactions-Abu-OS-9-81b54-indow-management-operations-chromium-retry1/test-failed-1.png
    ────────────────────────────────────────────────────────────────────────────────────────────────

    attachment #2: video (video/webm) ──────────────────────────────────────────────────────────────
    ../../test-results/demo-interactions-Abu-OS-9-81b54-indow-management-operations-chromium-retry1/video.webm
    ────────────────────────────────────────────────────────────────────────────────────────────────

    Error Context: ../../test-results/demo-interactions-Abu-OS-9-81b54-indow-management-operations-chromium-retry1/error-context.md

    attachment #4: trace (application/zip) ─────────────────────────────────────────────────────────
    ../../test-results/demo-interactions-Abu-OS-9-81b54-indow-management-operations-chromium-retry1/trace.zip
    Usage:

        npx playwright show-trace ../../test-results/demo-interactions-Abu-OS-9-81b54-indow-management-operations-chromium-retry1/trace.zip

    ────────────────────────────────────────────────────────────────────────────────────────────────

    Retry #2 ───────────────────────────────────────────────────────────────────────────────────────

    TimeoutError: page.waitForSelector: Timeout 10000ms exceeded.
    Call log:
      - waiting for locator('h1') to be visible


      10 |     
      11 |     // Wait for the demo page to load
    > 12 |     await page.waitForSelector('h1', { timeout: 10000 });
         |                ^
      13 |   });
      14 |
      15 |   test('should load the demo page and show demo content', async ({ page }) => {
        at /home/mo/Documents/Code/Abu-Specification/tests/e2e/demo-interactions.spec.ts:12:16

    attachment #1: screenshot (image/png) ──────────────────────────────────────────────────────────
    ../../test-results/demo-interactions-Abu-OS-9-81b54-indow-management-operations-chromium-retry2/test-failed-1.png
    ────────────────────────────────────────────────────────────────────────────────────────────────

    attachment #2: video (video/webm) ──────────────────────────────────────────────────────────────
    ../../test-results/demo-interactions-Abu-OS-9-81b54-indow-management-operations-chromium-retry2/video.webm
    ────────────────────────────────────────────────────────────────────────────────────────────────

    Error Context: ../../test-results/demo-interactions-Abu-OS-9-81b54-indow-management-operations-chromium-retry2/error-context.md

    attachment #4: trace (application/zip) ─────────────────────────────────────────────────────────
    ../../test-results/demo-interactions-Abu-OS-9-81b54-indow-management-operations-chromium-retry2/trace.zip
    Usage:

        npx playwright show-trace ../../test-results/demo-interactions-Abu-OS-9-81b54-indow-management-operations-chromium-retry2/trace.zip

    ────────────────────────────────────────────────────────────────────────────────────────────────
]]>
</failure>
<system-out>
<![CDATA[
[[ATTACHMENT|demo-interactions-Abu-OS-9-81b54-indow-management-operations-chromium/test-failed-1.png]]

[[ATTACHMENT|demo-interactions-Abu-OS-9-81b54-indow-management-operations-chromium/video.webm]]

[[ATTACHMENT|demo-interactions-Abu-OS-9-81b54-indow-management-operations-chromium/error-context.md]]

[[ATTACHMENT|demo-interactions-Abu-OS-9-81b54-indow-management-operations-chromium/trace.zip]]

[[ATTACHMENT|demo-interactions-Abu-OS-9-81b54-indow-management-operations-chromium-retry1/test-failed-1.png]]

[[ATTACHMENT|demo-interactions-Abu-OS-9-81b54-indow-management-operations-chromium-retry1/video.webm]]

[[ATTACHMENT|demo-interactions-Abu-OS-9-81b54-indow-management-operations-chromium-retry1/error-context.md]]

[[ATTACHMENT|demo-interactions-Abu-OS-9-81b54-indow-management-operations-chromium-retry1/trace.zip]]

[[ATTACHMENT|demo-interactions-Abu-OS-9-81b54-indow-management-operations-chromium-retry2/test-failed-1.png]]

[[ATTACHMENT|demo-interactions-Abu-OS-9-81b54-indow-management-operations-chromium-retry2/video.webm]]

[[ATTACHMENT|demo-interactions-Abu-OS-9-81b54-indow-management-operations-chromium-retry2/error-context.md]]

[[ATTACHMENT|demo-interactions-Abu-OS-9-81b54-indow-management-operations-chromium-retry2/trace.zip]]
]]>
</system-out>
</testcase>
<testcase name="Abu OS 98 Demo - Interactive Tests › should test keyboard interactions" classname="demo-interactions.spec.ts" time="44.016">
<failure message="demo-interactions.spec.ts:242:7 should test keyboard interactions" type="FAILURE">
<![CDATA[  [chromium] › demo-interactions.spec.ts:242:7 › Abu OS 98 Demo - Interactive Tests › should test keyboard interactions 

    TimeoutError: page.waitForSelector: Timeout 10000ms exceeded.
    Call log:
      - waiting for locator('h1') to be visible


      10 |     
      11 |     // Wait for the demo page to load
    > 12 |     await page.waitForSelector('h1', { timeout: 10000 });
         |                ^
      13 |   });
      14 |
      15 |   test('should load the demo page and show demo content', async ({ page }) => {
        at /home/mo/Documents/Code/Abu-Specification/tests/e2e/demo-interactions.spec.ts:12:16

    attachment #1: screenshot (image/png) ──────────────────────────────────────────────────────────
    ../../test-results/demo-interactions-Abu-OS-9-1ddae--test-keyboard-interactions-chromium/test-failed-1.png
    ────────────────────────────────────────────────────────────────────────────────────────────────

    attachment #2: video (video/webm) ──────────────────────────────────────────────────────────────
    ../../test-results/demo-interactions-Abu-OS-9-1ddae--test-keyboard-interactions-chromium/video.webm
    ────────────────────────────────────────────────────────────────────────────────────────────────

    Error Context: ../../test-results/demo-interactions-Abu-OS-9-1ddae--test-keyboard-interactions-chromium/error-context.md

    attachment #4: trace (application/zip) ─────────────────────────────────────────────────────────
    ../../test-results/demo-interactions-Abu-OS-9-1ddae--test-keyboard-interactions-chromium/trace.zip
    Usage:

        npx playwright show-trace ../../test-results/demo-interactions-Abu-OS-9-1ddae--test-keyboard-interactions-chromium/trace.zip

    ────────────────────────────────────────────────────────────────────────────────────────────────

    Retry #1 ───────────────────────────────────────────────────────────────────────────────────────

    TimeoutError: page.waitForSelector: Timeout 10000ms exceeded.
    Call log:
      - waiting for locator('h1') to be visible


      10 |     
      11 |     // Wait for the demo page to load
    > 12 |     await page.waitForSelector('h1', { timeout: 10000 });
         |                ^
      13 |   });
      14 |
      15 |   test('should load the demo page and show demo content', async ({ page }) => {
        at /home/mo/Documents/Code/Abu-Specification/tests/e2e/demo-interactions.spec.ts:12:16

    attachment #1: screenshot (image/png) ──────────────────────────────────────────────────────────
    ../../test-results/demo-interactions-Abu-OS-9-1ddae--test-keyboard-interactions-chromium-retry1/test-failed-1.png
    ────────────────────────────────────────────────────────────────────────────────────────────────

    attachment #2: video (video/webm) ──────────────────────────────────────────────────────────────
    ../../test-results/demo-interactions-Abu-OS-9-1ddae--test-keyboard-interactions-chromium-retry1/video.webm
    ────────────────────────────────────────────────────────────────────────────────────────────────

    Error Context: ../../test-results/demo-interactions-Abu-OS-9-1ddae--test-keyboard-interactions-chromium-retry1/error-context.md

    attachment #4: trace (application/zip) ─────────────────────────────────────────────────────────
    ../../test-results/demo-interactions-Abu-OS-9-1ddae--test-keyboard-interactions-chromium-retry1/trace.zip
    Usage:

        npx playwright show-trace ../../test-results/demo-interactions-Abu-OS-9-1ddae--test-keyboard-interactions-chromium-retry1/trace.zip

    ────────────────────────────────────────────────────────────────────────────────────────────────

    Retry #2 ───────────────────────────────────────────────────────────────────────────────────────

    TimeoutError: page.waitForSelector: Timeout 10000ms exceeded.
    Call log:
      - waiting for locator('h1') to be visible


      10 |     
      11 |     // Wait for the demo page to load
    > 12 |     await page.waitForSelector('h1', { timeout: 10000 });
         |                ^
      13 |   });
      14 |
      15 |   test('should load the demo page and show demo content', async ({ page }) => {
        at /home/mo/Documents/Code/Abu-Specification/tests/e2e/demo-interactions.spec.ts:12:16

    attachment #1: screenshot (image/png) ──────────────────────────────────────────────────────────
    ../../test-results/demo-interactions-Abu-OS-9-1ddae--test-keyboard-interactions-chromium-retry2/test-failed-1.png
    ────────────────────────────────────────────────────────────────────────────────────────────────

    attachment #2: video (video/webm) ──────────────────────────────────────────────────────────────
    ../../test-results/demo-interactions-Abu-OS-9-1ddae--test-keyboard-interactions-chromium-retry2/video.webm
    ────────────────────────────────────────────────────────────────────────────────────────────────

    Error Context: ../../test-results/demo-interactions-Abu-OS-9-1ddae--test-keyboard-interactions-chromium-retry2/error-context.md

    attachment #4: trace (application/zip) ─────────────────────────────────────────────────────────
    ../../test-results/demo-interactions-Abu-OS-9-1ddae--test-keyboard-interactions-chromium-retry2/trace.zip
    Usage:

        npx playwright show-trace ../../test-results/demo-interactions-Abu-OS-9-1ddae--test-keyboard-interactions-chromium-retry2/trace.zip

    ────────────────────────────────────────────────────────────────────────────────────────────────
]]>
</failure>
<system-out>
<![CDATA[
[[ATTACHMENT|demo-interactions-Abu-OS-9-1ddae--test-keyboard-interactions-chromium/test-failed-1.png]]

[[ATTACHMENT|demo-interactions-Abu-OS-9-1ddae--test-keyboard-interactions-chromium/video.webm]]

[[ATTACHMENT|demo-interactions-Abu-OS-9-1ddae--test-keyboard-interactions-chromium/error-context.md]]

[[ATTACHMENT|demo-interactions-Abu-OS-9-1ddae--test-keyboard-interactions-chromium/trace.zip]]

[[ATTACHMENT|demo-interactions-Abu-OS-9-1ddae--test-keyboard-interactions-chromium-retry1/test-failed-1.png]]

[[ATTACHMENT|demo-interactions-Abu-OS-9-1ddae--test-keyboard-interactions-chromium-retry1/video.webm]]

[[ATTACHMENT|demo-interactions-Abu-OS-9-1ddae--test-keyboard-interactions-chromium-retry1/error-context.md]]

[[ATTACHMENT|demo-interactions-Abu-OS-9-1ddae--test-keyboard-interactions-chromium-retry1/trace.zip]]

[[ATTACHMENT|demo-interactions-Abu-OS-9-1ddae--test-keyboard-interactions-chromium-retry2/test-failed-1.png]]

[[ATTACHMENT|demo-interactions-Abu-OS-9-1ddae--test-keyboard-interactions-chromium-retry2/video.webm]]

[[ATTACHMENT|demo-interactions-Abu-OS-9-1ddae--test-keyboard-interactions-chromium-retry2/error-context.md]]

[[ATTACHMENT|demo-interactions-Abu-OS-9-1ddae--test-keyboard-interactions-chromium-retry2/trace.zip]]
]]>
</system-out>
</testcase>
<testcase name="Abu OS 98 Demo - Interactive Tests › should handle rapid interactions and stress test" classname="demo-interactions.spec.ts" time="41.206">
<failure message="demo-interactions.spec.ts:261:7 should handle rapid interactions and stress test" type="FAILURE">
<![CDATA[  [chromium] › demo-interactions.spec.ts:261:7 › Abu OS 98 Demo - Interactive Tests › should handle rapid interactions and stress test 

    TimeoutError: page.waitForSelector: Timeout 10000ms exceeded.
    Call log:
      - waiting for locator('h1') to be visible


      10 |     
      11 |     // Wait for the demo page to load
    > 12 |     await page.waitForSelector('h1', { timeout: 10000 });
         |                ^
      13 |   });
      14 |
      15 |   test('should load the demo page and show demo content', async ({ page }) => {
        at /home/mo/Documents/Code/Abu-Specification/tests/e2e/demo-interactions.spec.ts:12:16

    attachment #1: screenshot (image/png) ──────────────────────────────────────────────────────────
    ../../test-results/demo-interactions-Abu-OS-9-9ddc3-nteractions-and-stress-test-chromium/test-failed-1.png
    ────────────────────────────────────────────────────────────────────────────────────────────────

    attachment #2: video (video/webm) ──────────────────────────────────────────────────────────────
    ../../test-results/demo-interactions-Abu-OS-9-9ddc3-nteractions-and-stress-test-chromium/video.webm
    ────────────────────────────────────────────────────────────────────────────────────────────────

    Error Context: ../../test-results/demo-interactions-Abu-OS-9-9ddc3-nteractions-and-stress-test-chromium/error-context.md

    attachment #4: trace (application/zip) ─────────────────────────────────────────────────────────
    ../../test-results/demo-interactions-Abu-OS-9-9ddc3-nteractions-and-stress-test-chromium/trace.zip
    Usage:

        npx playwright show-trace ../../test-results/demo-interactions-Abu-OS-9-9ddc3-nteractions-and-stress-test-chromium/trace.zip

    ────────────────────────────────────────────────────────────────────────────────────────────────

    Retry #1 ───────────────────────────────────────────────────────────────────────────────────────

    TimeoutError: page.waitForSelector: Timeout 10000ms exceeded.
    Call log:
      - waiting for locator('h1') to be visible


      10 |     
      11 |     // Wait for the demo page to load
    > 12 |     await page.waitForSelector('h1', { timeout: 10000 });
         |                ^
      13 |   });
      14 |
      15 |   test('should load the demo page and show demo content', async ({ page }) => {
        at /home/mo/Documents/Code/Abu-Specification/tests/e2e/demo-interactions.spec.ts:12:16

    attachment #1: screenshot (image/png) ──────────────────────────────────────────────────────────
    ../../test-results/demo-interactions-Abu-OS-9-9ddc3-nteractions-and-stress-test-chromium-retry1/test-failed-1.png
    ────────────────────────────────────────────────────────────────────────────────────────────────

    attachment #2: video (video/webm) ──────────────────────────────────────────────────────────────
    ../../test-results/demo-interactions-Abu-OS-9-9ddc3-nteractions-and-stress-test-chromium-retry1/video.webm
    ────────────────────────────────────────────────────────────────────────────────────────────────

    Error Context: ../../test-results/demo-interactions-Abu-OS-9-9ddc3-nteractions-and-stress-test-chromium-retry1/error-context.md

    attachment #4: trace (application/zip) ─────────────────────────────────────────────────────────
    ../../test-results/demo-interactions-Abu-OS-9-9ddc3-nteractions-and-stress-test-chromium-retry1/trace.zip
    Usage:

        npx playwright show-trace ../../test-results/demo-interactions-Abu-OS-9-9ddc3-nteractions-and-stress-test-chromium-retry1/trace.zip

    ────────────────────────────────────────────────────────────────────────────────────────────────

    Retry #2 ───────────────────────────────────────────────────────────────────────────────────────

    TimeoutError: page.waitForSelector: Timeout 10000ms exceeded.
    Call log:
      - waiting for locator('h1') to be visible


      10 |     
      11 |     // Wait for the demo page to load
    > 12 |     await page.waitForSelector('h1', { timeout: 10000 });
         |                ^
      13 |   });
      14 |
      15 |   test('should load the demo page and show demo content', async ({ page }) => {
        at /home/mo/Documents/Code/Abu-Specification/tests/e2e/demo-interactions.spec.ts:12:16

    attachment #1: screenshot (image/png) ──────────────────────────────────────────────────────────
    ../../test-results/demo-interactions-Abu-OS-9-9ddc3-nteractions-and-stress-test-chromium-retry2/test-failed-1.png
    ────────────────────────────────────────────────────────────────────────────────────────────────

    attachment #2: video (video/webm) ──────────────────────────────────────────────────────────────
    ../../test-results/demo-interactions-Abu-OS-9-9ddc3-nteractions-and-stress-test-chromium-retry2/video.webm
    ────────────────────────────────────────────────────────────────────────────────────────────────

    Error Context: ../../test-results/demo-interactions-Abu-OS-9-9ddc3-nteractions-and-stress-test-chromium-retry2/error-context.md

    attachment #4: trace (application/zip) ─────────────────────────────────────────────────────────
    ../../test-results/demo-interactions-Abu-OS-9-9ddc3-nteractions-and-stress-test-chromium-retry2/trace.zip
    Usage:

        npx playwright show-trace ../../test-results/demo-interactions-Abu-OS-9-9ddc3-nteractions-and-stress-test-chromium-retry2/trace.zip

    ────────────────────────────────────────────────────────────────────────────────────────────────
]]>
</failure>
<system-out>
<![CDATA[
[[ATTACHMENT|demo-interactions-Abu-OS-9-9ddc3-nteractions-and-stress-test-chromium/test-failed-1.png]]

[[ATTACHMENT|demo-interactions-Abu-OS-9-9ddc3-nteractions-and-stress-test-chromium/video.webm]]

[[ATTACHMENT|demo-interactions-Abu-OS-9-9ddc3-nteractions-and-stress-test-chromium/error-context.md]]

[[ATTACHMENT|demo-interactions-Abu-OS-9-9ddc3-nteractions-and-stress-test-chromium/trace.zip]]

[[ATTACHMENT|demo-interactions-Abu-OS-9-9ddc3-nteractions-and-stress-test-chromium-retry1/test-failed-1.png]]

[[ATTACHMENT|demo-interactions-Abu-OS-9-9ddc3-nteractions-and-stress-test-chromium-retry1/video.webm]]

[[ATTACHMENT|demo-interactions-Abu-OS-9-9ddc3-nteractions-and-stress-test-chromium-retry1/error-context.md]]

[[ATTACHMENT|demo-interactions-Abu-OS-9-9ddc3-nteractions-and-stress-test-chromium-retry1/trace.zip]]

[[ATTACHMENT|demo-interactions-Abu-OS-9-9ddc3-nteractions-and-stress-test-chromium-retry2/test-failed-1.png]]

[[ATTACHMENT|demo-interactions-Abu-OS-9-9ddc3-nteractions-and-stress-test-chromium-retry2/video.webm]]

[[ATTACHMENT|demo-interactions-Abu-OS-9-9ddc3-nteractions-and-stress-test-chromium-retry2/error-context.md]]

[[ATTACHMENT|demo-interactions-Abu-OS-9-9ddc3-nteractions-and-stress-test-chromium-retry2/trace.zip]]
]]>
</system-out>
</testcase>
</testsuite>
<testsuite name="demo-page-sanity.spec.ts" timestamp="2025-10-22T01:25:46.324Z" hostname="chromium" tests="1" failures="1" skipped="0" time="43.753" errors="0">
<testcase name="Demo Page Sanity Check › demo page should load and contain demo content" classname="demo-page-sanity.spec.ts" time="43.753">
<failure message="demo-page-sanity.spec.ts:4:7 demo page should load and contain demo content" type="FAILURE">
<![CDATA[  [chromium] › demo-page-sanity.spec.ts:4:7 › Demo Page Sanity Check › demo page should load and contain demo content 

    TimeoutError: page.waitForSelector: Timeout 10000ms exceeded.
    Call log:
      - waiting for locator('h1') to be visible


      15 |     
      16 |     // Wait for the content to be rendered
    > 17 |     await page.waitForSelector('h1', { timeout: 10000 });
         |                ^
      18 |     
      19 |     // Check the h1 content
      20 |     const h1Text = await page.locator('h1').first().textContent();
        at /home/mo/Documents/Code/Abu-Specification/tests/e2e/demo-page-sanity.spec.ts:17:16

    attachment #1: screenshot (image/png) ──────────────────────────────────────────────────────────
    ../../test-results/demo-page-sanity-Demo-Page-13df8-ad-and-contain-demo-content-chromium/test-failed-1.png
    ────────────────────────────────────────────────────────────────────────────────────────────────

    attachment #2: video (video/webm) ──────────────────────────────────────────────────────────────
    ../../test-results/demo-page-sanity-Demo-Page-13df8-ad-and-contain-demo-content-chromium/video.webm
    ────────────────────────────────────────────────────────────────────────────────────────────────

    Error Context: ../../test-results/demo-page-sanity-Demo-Page-13df8-ad-and-contain-demo-content-chromium/error-context.md

    attachment #4: trace (application/zip) ─────────────────────────────────────────────────────────
    ../../test-results/demo-page-sanity-Demo-Page-13df8-ad-and-contain-demo-content-chromium/trace.zip
    Usage:

        npx playwright show-trace ../../test-results/demo-page-sanity-Demo-Page-13df8-ad-and-contain-demo-content-chromium/trace.zip

    ────────────────────────────────────────────────────────────────────────────────────────────────

    Retry #1 ───────────────────────────────────────────────────────────────────────────────────────

    TimeoutError: page.waitForSelector: Timeout 10000ms exceeded.
    Call log:
      - waiting for locator('h1') to be visible


      15 |     
      16 |     // Wait for the content to be rendered
    > 17 |     await page.waitForSelector('h1', { timeout: 10000 });
         |                ^
      18 |     
      19 |     // Check the h1 content
      20 |     const h1Text = await page.locator('h1').first().textContent();
        at /home/mo/Documents/Code/Abu-Specification/tests/e2e/demo-page-sanity.spec.ts:17:16

    attachment #1: screenshot (image/png) ──────────────────────────────────────────────────────────
    ../../test-results/demo-page-sanity-Demo-Page-13df8-ad-and-contain-demo-content-chromium-retry1/test-failed-1.png
    ────────────────────────────────────────────────────────────────────────────────────────────────

    attachment #2: video (video/webm) ──────────────────────────────────────────────────────────────
    ../../test-results/demo-page-sanity-Demo-Page-13df8-ad-and-contain-demo-content-chromium-retry1/video.webm
    ────────────────────────────────────────────────────────────────────────────────────────────────

    Error Context: ../../test-results/demo-page-sanity-Demo-Page-13df8-ad-and-contain-demo-content-chromium-retry1/error-context.md

    attachment #4: trace (application/zip) ─────────────────────────────────────────────────────────
    ../../test-results/demo-page-sanity-Demo-Page-13df8-ad-and-contain-demo-content-chromium-retry1/trace.zip
    Usage:

        npx playwright show-trace ../../test-results/demo-page-sanity-Demo-Page-13df8-ad-and-contain-demo-content-chromium-retry1/trace.zip

    ────────────────────────────────────────────────────────────────────────────────────────────────

    Retry #2 ───────────────────────────────────────────────────────────────────────────────────────

    TimeoutError: page.waitForSelector: Timeout 10000ms exceeded.
    Call log:
      - waiting for locator('h1') to be visible


      15 |     
      16 |     // Wait for the content to be rendered
    > 17 |     await page.waitForSelector('h1', { timeout: 10000 });
         |                ^
      18 |     
      19 |     // Check the h1 content
      20 |     const h1Text = await page.locator('h1').first().textContent();
        at /home/mo/Documents/Code/Abu-Specification/tests/e2e/demo-page-sanity.spec.ts:17:16

    attachment #1: screenshot (image/png) ──────────────────────────────────────────────────────────
    ../../test-results/demo-page-sanity-Demo-Page-13df8-ad-and-contain-demo-content-chromium-retry2/test-failed-1.png
    ────────────────────────────────────────────────────────────────────────────────────────────────

    attachment #2: video (video/webm) ──────────────────────────────────────────────────────────────
    ../../test-results/demo-page-sanity-Demo-Page-13df8-ad-and-contain-demo-content-chromium-retry2/video.webm
    ────────────────────────────────────────────────────────────────────────────────────────────────

    Error Context: ../../test-results/demo-page-sanity-Demo-Page-13df8-ad-and-contain-demo-content-chromium-retry2/error-context.md

    attachment #4: trace (application/zip) ─────────────────────────────────────────────────────────
    ../../test-results/demo-page-sanity-Demo-Page-13df8-ad-and-contain-demo-content-chromium-retry2/trace.zip
    Usage:

        npx playwright show-trace ../../test-results/demo-page-sanity-Demo-Page-13df8-ad-and-contain-demo-content-chromium-retry2/trace.zip

    ────────────────────────────────────────────────────────────────────────────────────────────────
]]>
</failure>
<system-out>
<![CDATA[BROWSER: info %cDownload the React DevTools for a better development experience: https://react.dev/link/react-devtools font-weight:bold
BROWSER: log ✓ Mock kernel created
BROWSER: log ✓ Shell mounted successfully
BROWSER: log ✓ Desktop icon added
BROWSER: log ✓ Help System plugin installed
BROWSER: log Opening Help Topics window (first launch)...
PAGE ERROR: Cannot use 'in' operator to search for 'Symbol($state)' in window-1761096744428-jafnbp2yn

[[ATTACHMENT|demo-page-sanity-Demo-Page-13df8-ad-and-contain-demo-content-chromium/test-failed-1.png]]

[[ATTACHMENT|demo-page-sanity-Demo-Page-13df8-ad-and-contain-demo-content-chromium/video.webm]]

[[ATTACHMENT|demo-page-sanity-Demo-Page-13df8-ad-and-contain-demo-content-chromium/error-context.md]]

[[ATTACHMENT|demo-page-sanity-Demo-Page-13df8-ad-and-contain-demo-content-chromium/trace.zip]]
BROWSER: info %cDownload the React DevTools for a better development experience: https://react.dev/link/react-devtools font-weight:bold
BROWSER: log ✓ Mock kernel created
BROWSER: log ✓ Shell mounted successfully
BROWSER: log ✓ Desktop icon added
BROWSER: log ✓ Help System plugin installed
BROWSER: log Opening Help Topics window (first launch)...
PAGE ERROR: Cannot use 'in' operator to search for 'Symbol($state)' in window-1761096761127-xsj2b9rpl

[[ATTACHMENT|demo-page-sanity-Demo-Page-13df8-ad-and-contain-demo-content-chromium-retry1/test-failed-1.png]]

[[ATTACHMENT|demo-page-sanity-Demo-Page-13df8-ad-and-contain-demo-content-chromium-retry1/video.webm]]

[[ATTACHMENT|demo-page-sanity-Demo-Page-13df8-ad-and-contain-demo-content-chromium-retry1/error-context.md]]

[[ATTACHMENT|demo-page-sanity-Demo-Page-13df8-ad-and-contain-demo-content-chromium-retry1/trace.zip]]
BROWSER: info %cDownload the React DevTools for a better development experience: https://react.dev/link/react-devtools font-weight:bold
BROWSER: log ✓ Mock kernel created
BROWSER: log ✓ Shell mounted successfully
BROWSER: log ✓ Desktop icon added
BROWSER: log ✓ Help System plugin installed
BROWSER: log Opening Help Topics window (first launch)...
PAGE ERROR: Cannot use 'in' operator to search for 'Symbol($state)' in window-1761096778675-vladukw20

[[ATTACHMENT|demo-page-sanity-Demo-Page-13df8-ad-and-contain-demo-content-chromium-retry2/test-failed-1.png]]

[[ATTACHMENT|demo-page-sanity-Demo-Page-13df8-ad-and-contain-demo-content-chromium-retry2/video.webm]]

[[ATTACHMENT|demo-page-sanity-Demo-Page-13df8-ad-and-contain-demo-content-chromium-retry2/error-context.md]]

[[ATTACHMENT|demo-page-sanity-Demo-Page-13df8-ad-and-contain-demo-content-chromium-retry2/trace.zip]]
]]>
</system-out>
</testcase>
</testsuite>
<testsuite name="new-demo-test.spec.ts" timestamp="2025-10-22T01:25:46.324Z" hostname="chromium" tests="1" failures="1" skipped="0" time="9.634" errors="0">
<testcase name="New Demo Page Test › new demo page should load" classname="new-demo-test.spec.ts" time="9.634">
<failure message="new-demo-test.spec.ts:4:7 new demo page should load" type="FAILURE">
<![CDATA[  [chromium] › new-demo-test.spec.ts:4:7 › New Demo Page Test › new demo page should load ──────────

    Error: expect(received).not.toContain(expected) // indexOf

    Expected substring: not "Page Not Found"
    Received string:        "Page Not Found | Abu OS Documentation"

      12 |     console.log('Page title:', title);
      13 |     
    > 14 |     expect(title).not.toContain('Page Not Found');
         |                       ^
      15 |     
      16 |     // Check that we have the demo content
      17 |     await expect(page.locator('h1')).toContainText('New Demo Page');
        at /home/mo/Documents/Code/Abu-Specification/tests/e2e/new-demo-test.spec.ts:14:23

    attachment #1: screenshot (image/png) ──────────────────────────────────────────────────────────
    ../../test-results/new-demo-test-New-Demo-Page-Test-new-demo-page-should-load-chromium/test-failed-1.png
    ────────────────────────────────────────────────────────────────────────────────────────────────

    attachment #2: video (video/webm) ──────────────────────────────────────────────────────────────
    ../../test-results/new-demo-test-New-Demo-Page-Test-new-demo-page-should-load-chromium/video.webm
    ────────────────────────────────────────────────────────────────────────────────────────────────

    Error Context: ../../test-results/new-demo-test-New-Demo-Page-Test-new-demo-page-should-load-chromium/error-context.md

    attachment #4: trace (application/zip) ─────────────────────────────────────────────────────────
    ../../test-results/new-demo-test-New-Demo-Page-Test-new-demo-page-should-load-chromium/trace.zip
    Usage:

        npx playwright show-trace ../../test-results/new-demo-test-New-Demo-Page-Test-new-demo-page-should-load-chromium/trace.zip

    ────────────────────────────────────────────────────────────────────────────────────────────────

    Retry #1 ───────────────────────────────────────────────────────────────────────────────────────

    Error: expect(received).not.toContain(expected) // indexOf

    Expected substring: not "Page Not Found"
    Received string:        "Page Not Found | Abu OS Documentation"

      12 |     console.log('Page title:', title);
      13 |     
    > 14 |     expect(title).not.toContain('Page Not Found');
         |                       ^
      15 |     
      16 |     // Check that we have the demo content
      17 |     await expect(page.locator('h1')).toContainText('New Demo Page');
        at /home/mo/Documents/Code/Abu-Specification/tests/e2e/new-demo-test.spec.ts:14:23

    attachment #1: screenshot (image/png) ──────────────────────────────────────────────────────────
    ../../test-results/new-demo-test-New-Demo-Page-Test-new-demo-page-should-load-chromium-retry1/test-failed-1.png
    ────────────────────────────────────────────────────────────────────────────────────────────────

    attachment #2: video (video/webm) ──────────────────────────────────────────────────────────────
    ../../test-results/new-demo-test-New-Demo-Page-Test-new-demo-page-should-load-chromium-retry1/video.webm
    ────────────────────────────────────────────────────────────────────────────────────────────────

    Error Context: ../../test-results/new-demo-test-New-Demo-Page-Test-new-demo-page-should-load-chromium-retry1/error-context.md

    attachment #4: trace (application/zip) ─────────────────────────────────────────────────────────
    ../../test-results/new-demo-test-New-Demo-Page-Test-new-demo-page-should-load-chromium-retry1/trace.zip
    Usage:

        npx playwright show-trace ../../test-results/new-demo-test-New-Demo-Page-Test-new-demo-page-should-load-chromium-retry1/trace.zip

    ────────────────────────────────────────────────────────────────────────────────────────────────

    Retry #2 ───────────────────────────────────────────────────────────────────────────────────────

    Error: expect(received).not.toContain(expected) // indexOf

    Expected substring: not "Page Not Found"
    Received string:        "Page Not Found | Abu OS Documentation"

      12 |     console.log('Page title:', title);
      13 |     
    > 14 |     expect(title).not.toContain('Page Not Found');
         |                       ^
      15 |     
      16 |     // Check that we have the demo content
      17 |     await expect(page.locator('h1')).toContainText('New Demo Page');
        at /home/mo/Documents/Code/Abu-Specification/tests/e2e/new-demo-test.spec.ts:14:23

    attachment #1: screenshot (image/png) ──────────────────────────────────────────────────────────
    ../../test-results/new-demo-test-New-Demo-Page-Test-new-demo-page-should-load-chromium-retry2/test-failed-1.png
    ────────────────────────────────────────────────────────────────────────────────────────────────

    attachment #2: video (video/webm) ──────────────────────────────────────────────────────────────
    ../../test-results/new-demo-test-New-Demo-Page-Test-new-demo-page-should-load-chromium-retry2/video.webm
    ────────────────────────────────────────────────────────────────────────────────────────────────

    Error Context: ../../test-results/new-demo-test-New-Demo-Page-Test-new-demo-page-should-load-chromium-retry2/error-context.md

    attachment #4: trace (application/zip) ─────────────────────────────────────────────────────────
    ../../test-results/new-demo-test-New-Demo-Page-Test-new-demo-page-should-load-chromium-retry2/trace.zip
    Usage:

        npx playwright show-trace ../../test-results/new-demo-test-New-Demo-Page-Test-new-demo-page-should-load-chromium-retry2/trace.zip

    ────────────────────────────────────────────────────────────────────────────────────────────────
]]>
</failure>
<system-out>
<![CDATA[Page title: Page Not Found | Abu OS Documentation

[[ATTACHMENT|new-demo-test-New-Demo-Page-Test-new-demo-page-should-load-chromium/test-failed-1.png]]

[[ATTACHMENT|new-demo-test-New-Demo-Page-Test-new-demo-page-should-load-chromium/video.webm]]

[[ATTACHMENT|new-demo-test-New-Demo-Page-Test-new-demo-page-should-load-chromium/error-context.md]]

[[ATTACHMENT|new-demo-test-New-Demo-Page-Test-new-demo-page-should-load-chromium/trace.zip]]
Page title: Page Not Found | Abu OS Documentation

[[ATTACHMENT|new-demo-test-New-Demo-Page-Test-new-demo-page-should-load-chromium-retry1/test-failed-1.png]]

[[ATTACHMENT|new-demo-test-New-Demo-Page-Test-new-demo-page-should-load-chromium-retry1/video.webm]]

[[ATTACHMENT|new-demo-test-New-Demo-Page-Test-new-demo-page-should-load-chromium-retry1/error-context.md]]

[[ATTACHMENT|new-demo-test-New-Demo-Page-Test-new-demo-page-should-load-chromium-retry1/trace.zip]]
Page title: Page Not Found | Abu OS Documentation

[[ATTACHMENT|new-demo-test-New-Demo-Page-Test-new-demo-page-should-load-chromium-retry2/test-failed-1.png]]

[[ATTACHMENT|new-demo-test-New-Demo-Page-Test-new-demo-page-should-load-chromium-retry2/video.webm]]

[[ATTACHMENT|new-demo-test-New-Demo-Page-Test-new-demo-page-should-load-chromium-retry2/error-context.md]]

[[ATTACHMENT|new-demo-test-New-Demo-Page-Test-new-demo-page-should-load-chromium-retry2/trace.zip]]
]]>
</system-out>
</testcase>
</testsuite>
</testsuites>