{"/home/mo/Documents/Code/Abu-Specification/src/lib/content/ContentLoader.ts": {"path":"/home/mo/Documents/Code/Abu-Specification/src/lib/content/ContentLoader.ts","all":false,"statementMap":{"14":{"start":{"line":15,"column":0},"end":{"line":15,"column":28}},"15":{"start":{"line":16,"column":0},"end":{"line":16,"column":40}},"16":{"start":{"line":17,"column":0},"end":{"line":17,"column":54}},"17":{"start":{"line":18,"column":0},"end":{"line":18,"column":59}},"19":{"start":{"line":20,"column":0},"end":{"line":20,"column":60}},"20":{"start":{"line":21,"column":0},"end":{"line":21,"column":20}},"21":{"start":{"line":22,"column":0},"end":{"line":22,"column":22}},"22":{"start":{"line":23,"column":0},"end":{"line":23,"column":39}},"23":{"start":{"line":24,"column":0},"end":{"line":24,"column":52}},"24":{"start":{"line":25,"column":0},"end":{"line":25,"column":38}},"25":{"start":{"line":26,"column":0},"end":{"line":26,"column":43}},"26":{"start":{"line":27,"column":0},"end":{"line":27,"column":28}},"27":{"start":{"line":28,"column":0},"end":{"line":28,"column":16}},"28":{"start":{"line":29,"column":0},"end":{"line":29,"column":6}},"29":{"start":{"line":30,"column":0},"end":{"line":30,"column":3}},"34":{"start":{"line":35,"column":0},"end":{"line":35,"column":60}},"35":{"start":{"line":36,"column":0},"end":{"line":36,"column":33}},"36":{"start":{"line":37,"column":0},"end":{"line":37,"column":45}},"37":{"start":{"line":38,"column":0},"end":{"line":38,"column":18}},"38":{"start":{"line":39,"column":0},"end":{"line":39,"column":17}},"39":{"start":{"line":40,"column":0},"end":{"line":40,"column":14}},"40":{"start":{"line":41,"column":0},"end":{"line":41,"column":22}},"41":{"start":{"line":42,"column":0},"end":{"line":42,"column":27}},"42":{"start":{"line":43,"column":0},"end":{"line":43,"column":23}},"43":{"start":{"line":44,"column":0},"end":{"line":44,"column":25}},"44":{"start":{"line":45,"column":0},"end":{"line":45,"column":7}},"45":{"start":{"line":46,"column":0},"end":{"line":46,"column":6}},"47":{"start":{"line":48,"column":0},"end":{"line":48,"column":9}},"50":{"start":{"line":51,"column":0},"end":{"line":51,"column":61}},"52":{"start":{"line":53,"column":0},"end":{"line":53,"column":52}},"54":{"start":{"line":55,"column":0},"end":{"line":55,"column":44}},"55":{"start":{"line":56,"column":0},"end":{"line":56,"column":13}},"56":{"start":{"line":57,"column":0},"end":{"line":57,"column":56}},"57":{"start":{"line":58,"column":0},"end":{"line":58,"column":24}},"58":{"start":{"line":59,"column":0},"end":{"line":59,"column":41}},"59":{"start":{"line":60,"column":0},"end":{"line":60,"column":43}},"60":{"start":{"line":61,"column":0},"end":{"line":61,"column":11}},"61":{"start":{"line":62,"column":0},"end":{"line":62,"column":25}},"62":{"start":{"line":63,"column":0},"end":{"line":63,"column":30}},"63":{"start":{"line":64,"column":0},"end":{"line":64,"column":25}},"64":{"start":{"line":65,"column":0},"end":{"line":65,"column":104}},"65":{"start":{"line":66,"column":0},"end":{"line":66,"column":21}},"66":{"start":{"line":67,"column":0},"end":{"line":67,"column":33}},"67":{"start":{"line":68,"column":0},"end":{"line":68,"column":13}},"68":{"start":{"line":69,"column":0},"end":{"line":69,"column":37}},"69":{"start":{"line":70,"column":0},"end":{"line":70,"column":9}},"70":{"start":{"line":71,"column":0},"end":{"line":71,"column":7}},"72":{"start":{"line":73,"column":0},"end":{"line":73,"column":59}},"73":{"start":{"line":74,"column":0},"end":{"line":74,"column":20}},"74":{"start":{"line":75,"column":0},"end":{"line":75,"column":21}},"75":{"start":{"line":76,"column":0},"end":{"line":76,"column":26}},"76":{"start":{"line":77,"column":0},"end":{"line":77,"column":21}},"77":{"start":{"line":78,"column":0},"end":{"line":78,"column":103}},"78":{"start":{"line":79,"column":0},"end":{"line":79,"column":39}},"79":{"start":{"line":80,"column":0},"end":{"line":80,"column":29}},"80":{"start":{"line":81,"column":0},"end":{"line":81,"column":9}},"81":{"start":{"line":82,"column":0},"end":{"line":82,"column":59}},"82":{"start":{"line":83,"column":0},"end":{"line":83,"column":20}},"83":{"start":{"line":84,"column":0},"end":{"line":84,"column":5}},"84":{"start":{"line":85,"column":0},"end":{"line":85,"column":3}},"89":{"start":{"line":90,"column":0},"end":{"line":90,"column":65}},"91":{"start":{"line":92,"column":0},"end":{"line":92,"column":48}},"92":{"start":{"line":93,"column":0},"end":{"line":93,"column":17}},"93":{"start":{"line":94,"column":0},"end":{"line":94,"column":20}},"94":{"start":{"line":95,"column":0},"end":{"line":95,"column":5}},"96":{"start":{"line":97,"column":0},"end":{"line":97,"column":9}},"98":{"start":{"line":99,"column":0},"end":{"line":99,"column":59}},"99":{"start":{"line":100,"column":0},"end":{"line":100,"column":63}},"101":{"start":{"line":102,"column":0},"end":{"line":102,"column":40}},"102":{"start":{"line":103,"column":0},"end":{"line":103,"column":23}},"103":{"start":{"line":104,"column":0},"end":{"line":104,"column":16}},"104":{"start":{"line":105,"column":0},"end":{"line":105,"column":17}},"105":{"start":{"line":106,"column":0},"end":{"line":106,"column":32}},"106":{"start":{"line":107,"column":0},"end":{"line":107,"column":8}},"109":{"start":{"line":110,"column":0},"end":{"line":110,"column":41}},"110":{"start":{"line":111,"column":0},"end":{"line":111,"column":42}},"111":{"start":{"line":112,"column":0},"end":{"line":112,"column":7}},"114":{"start":{"line":115,"column":0},"end":{"line":115,"column":44}},"116":{"start":{"line":117,"column":0},"end":{"line":117,"column":25}},"117":{"start":{"line":118,"column":0},"end":{"line":118,"column":21}},"118":{"start":{"line":119,"column":0},"end":{"line":119,"column":63}},"119":{"start":{"line":120,"column":0},"end":{"line":120,"column":18}},"120":{"start":{"line":121,"column":0},"end":{"line":121,"column":5}},"121":{"start":{"line":122,"column":0},"end":{"line":122,"column":3}},"126":{"start":{"line":127,"column":0},"end":{"line":127,"column":59}},"129":{"start":{"line":130,"column":0},"end":{"line":130,"column":12}},"130":{"start":{"line":131,"column":0},"end":{"line":131,"column":17}},"131":{"start":{"line":132,"column":0},"end":{"line":132,"column":38}},"132":{"start":{"line":133,"column":0},"end":{"line":133,"column":49}},"133":{"start":{"line":134,"column":0},"end":{"line":134,"column":48}},"134":{"start":{"line":135,"column":0},"end":{"line":135,"column":37}},"135":{"start":{"line":136,"column":0},"end":{"line":136,"column":32}},"136":{"start":{"line":137,"column":0},"end":{"line":137,"column":31}},"137":{"start":{"line":138,"column":0},"end":{"line":138,"column":35}},"138":{"start":{"line":139,"column":0},"end":{"line":139,"column":29}},"139":{"start":{"line":140,"column":0},"end":{"line":140,"column":42}},"140":{"start":{"line":141,"column":0},"end":{"line":141,"column":45}},"141":{"start":{"line":142,"column":0},"end":{"line":142,"column":52}},"142":{"start":{"line":143,"column":0},"end":{"line":143,"column":41}},"143":{"start":{"line":144,"column":0},"end":{"line":144,"column":47}},"144":{"start":{"line":145,"column":0},"end":{"line":145,"column":42}},"145":{"start":{"line":146,"column":0},"end":{"line":146,"column":46}},"146":{"start":{"line":147,"column":0},"end":{"line":147,"column":48}},"147":{"start":{"line":148,"column":0},"end":{"line":148,"column":39}},"148":{"start":{"line":149,"column":0},"end":{"line":149,"column":53}},"149":{"start":{"line":150,"column":0},"end":{"line":150,"column":36}},"150":{"start":{"line":151,"column":0},"end":{"line":151,"column":6}},"151":{"start":{"line":152,"column":0},"end":{"line":152,"column":3}},"156":{"start":{"line":157,"column":0},"end":{"line":157,"column":68}},"157":{"start":{"line":158,"column":0},"end":{"line":158,"column":9}},"159":{"start":{"line":160,"column":0},"end":{"line":160,"column":56}},"160":{"start":{"line":161,"column":0},"end":{"line":161,"column":25}},"161":{"start":{"line":162,"column":0},"end":{"line":162,"column":38}},"162":{"start":{"line":163,"column":0},"end":{"line":163,"column":57}},"163":{"start":{"line":164,"column":0},"end":{"line":164,"column":9}},"164":{"start":{"line":165,"column":0},"end":{"line":165,"column":75}},"165":{"start":{"line":166,"column":0},"end":{"line":166,"column":7}},"166":{"start":{"line":167,"column":0},"end":{"line":167,"column":35}},"167":{"start":{"line":168,"column":0},"end":{"line":168,"column":21}},"169":{"start":{"line":170,"column":0},"end":{"line":170,"column":37}},"170":{"start":{"line":171,"column":0},"end":{"line":171,"column":51}},"171":{"start":{"line":172,"column":0},"end":{"line":172,"column":52}},"172":{"start":{"line":173,"column":0},"end":{"line":173,"column":42}},"173":{"start":{"line":174,"column":0},"end":{"line":174,"column":10}},"174":{"start":{"line":175,"column":0},"end":{"line":175,"column":20}},"175":{"start":{"line":176,"column":0},"end":{"line":176,"column":7}},"177":{"start":{"line":178,"column":0},"end":{"line":178,"column":81}},"178":{"start":{"line":179,"column":0},"end":{"line":179,"column":47}},"179":{"start":{"line":180,"column":0},"end":{"line":180,"column":5}},"180":{"start":{"line":181,"column":0},"end":{"line":181,"column":3}},"185":{"start":{"line":186,"column":0},"end":{"line":186,"column":56}},"187":{"start":{"line":188,"column":0},"end":{"line":188,"column":50}},"188":{"start":{"line":189,"column":0},"end":{"line":189,"column":22}},"190":{"start":{"line":191,"column":0},"end":{"line":191,"column":56}},"203":{"start":{"line":204,"column":0},"end":{"line":204,"column":3}},"208":{"start":{"line":209,"column":0},"end":{"line":209,"column":54}},"209":{"start":{"line":210,"column":0},"end":{"line":210,"column":38}},"210":{"start":{"line":211,"column":0},"end":{"line":211,"column":45}},"211":{"start":{"line":212,"column":0},"end":{"line":212,"column":63}},"212":{"start":{"line":213,"column":0},"end":{"line":213,"column":25}},"213":{"start":{"line":214,"column":0},"end":{"line":214,"column":17}},"214":{"start":{"line":215,"column":0},"end":{"line":215,"column":64}},"215":{"start":{"line":216,"column":0},"end":{"line":216,"column":17}},"216":{"start":{"line":217,"column":0},"end":{"line":217,"column":3}},"221":{"start":{"line":222,"column":0},"end":{"line":222,"column":79}},"222":{"start":{"line":223,"column":0},"end":{"line":223,"column":38}},"223":{"start":{"line":224,"column":0},"end":{"line":224,"column":39}},"224":{"start":{"line":225,"column":0},"end":{"line":225,"column":45}},"225":{"start":{"line":226,"column":0},"end":{"line":226,"column":51}},"226":{"start":{"line":227,"column":0},"end":{"line":227,"column":48}},"227":{"start":{"line":228,"column":0},"end":{"line":228,"column":50}},"228":{"start":{"line":229,"column":0},"end":{"line":229,"column":39}},"229":{"start":{"line":230,"column":0},"end":{"line":230,"column":6}},"232":{"start":{"line":233,"column":0},"end":{"line":233,"column":29}},"233":{"start":{"line":234,"column":0},"end":{"line":234,"column":91}},"234":{"start":{"line":235,"column":0},"end":{"line":235,"column":31}},"235":{"start":{"line":236,"column":0},"end":{"line":236,"column":70}},"236":{"start":{"line":237,"column":0},"end":{"line":237,"column":67}},"237":{"start":{"line":238,"column":0},"end":{"line":238,"column":49}},"238":{"start":{"line":239,"column":0},"end":{"line":239,"column":7}},"239":{"start":{"line":240,"column":0},"end":{"line":240,"column":5}},"242":{"start":{"line":243,"column":0},"end":{"line":243,"column":80}},"243":{"start":{"line":244,"column":0},"end":{"line":244,"column":54}},"244":{"start":{"line":245,"column":0},"end":{"line":245,"column":23}},"245":{"start":{"line":246,"column":0},"end":{"line":246,"column":46}},"246":{"start":{"line":247,"column":0},"end":{"line":247,"column":7}},"247":{"start":{"line":248,"column":0},"end":{"line":248,"column":5}},"250":{"start":{"line":251,"column":0},"end":{"line":251,"column":60}},"253":{"start":{"line":254,"column":0},"end":{"line":254,"column":74}},"254":{"start":{"line":255,"column":0},"end":{"line":255,"column":44}},"255":{"start":{"line":256,"column":0},"end":{"line":256,"column":5}},"257":{"start":{"line":258,"column":0},"end":{"line":258,"column":20}},"258":{"start":{"line":259,"column":0},"end":{"line":259,"column":3}},"263":{"start":{"line":264,"column":0},"end":{"line":264,"column":75}},"264":{"start":{"line":265,"column":0},"end":{"line":265,"column":50}},"265":{"start":{"line":266,"column":0},"end":{"line":266,"column":42}},"267":{"start":{"line":268,"column":0},"end":{"line":268,"column":31}},"268":{"start":{"line":269,"column":0},"end":{"line":269,"column":50}},"269":{"start":{"line":270,"column":0},"end":{"line":270,"column":18}},"270":{"start":{"line":271,"column":0},"end":{"line":271,"column":37}},"271":{"start":{"line":272,"column":0},"end":{"line":272,"column":78}},"273":{"start":{"line":274,"column":0},"end":{"line":274,"column":22}},"274":{"start":{"line":275,"column":0},"end":{"line":275,"column":23}},"275":{"start":{"line":276,"column":0},"end":{"line":276,"column":40}},"276":{"start":{"line":277,"column":0},"end":{"line":277,"column":18}},"277":{"start":{"line":278,"column":0},"end":{"line":278,"column":29}},"278":{"start":{"line":279,"column":0},"end":{"line":279,"column":46}},"279":{"start":{"line":280,"column":0},"end":{"line":280,"column":18}},"280":{"start":{"line":281,"column":0},"end":{"line":281,"column":26}},"281":{"start":{"line":282,"column":0},"end":{"line":282,"column":43}},"282":{"start":{"line":283,"column":0},"end":{"line":283,"column":18}},"283":{"start":{"line":284,"column":0},"end":{"line":284,"column":22}},"285":{"start":{"line":286,"column":0},"end":{"line":286,"column":73}},"287":{"start":{"line":288,"column":0},"end":{"line":288,"column":59}},"288":{"start":{"line":289,"column":0},"end":{"line":289,"column":105}},"289":{"start":{"line":290,"column":0},"end":{"line":290,"column":20}},"291":{"start":{"line":292,"column":0},"end":{"line":292,"column":103}},"292":{"start":{"line":293,"column":0},"end":{"line":293,"column":13}},"293":{"start":{"line":294,"column":0},"end":{"line":294,"column":18}},"294":{"start":{"line":295,"column":0},"end":{"line":295,"column":28}},"295":{"start":{"line":296,"column":0},"end":{"line":296,"column":80}},"296":{"start":{"line":297,"column":0},"end":{"line":297,"column":91}},"297":{"start":{"line":298,"column":0},"end":{"line":298,"column":13}},"298":{"start":{"line":299,"column":0},"end":{"line":299,"column":18}},"299":{"start":{"line":300,"column":0},"end":{"line":300,"column":24}},"300":{"start":{"line":301,"column":0},"end":{"line":301,"column":41}},"301":{"start":{"line":302,"column":0},"end":{"line":302,"column":18}},"302":{"start":{"line":303,"column":0},"end":{"line":303,"column":25}},"303":{"start":{"line":304,"column":0},"end":{"line":304,"column":42}},"304":{"start":{"line":305,"column":0},"end":{"line":305,"column":18}},"305":{"start":{"line":306,"column":0},"end":{"line":306,"column":23}},"306":{"start":{"line":307,"column":0},"end":{"line":307,"column":51}},"307":{"start":{"line":308,"column":0},"end":{"line":308,"column":32}},"308":{"start":{"line":309,"column":0},"end":{"line":309,"column":37}},"309":{"start":{"line":310,"column":0},"end":{"line":310,"column":13}},"310":{"start":{"line":311,"column":0},"end":{"line":311,"column":18}},"311":{"start":{"line":312,"column":0},"end":{"line":312,"column":9}},"312":{"start":{"line":313,"column":0},"end":{"line":313,"column":7}},"313":{"start":{"line":314,"column":0},"end":{"line":314,"column":5}},"315":{"start":{"line":316,"column":0},"end":{"line":316,"column":20}},"316":{"start":{"line":317,"column":0},"end":{"line":317,"column":3}},"321":{"start":{"line":322,"column":0},"end":{"line":322,"column":57}},"322":{"start":{"line":323,"column":0},"end":{"line":323,"column":38}},"323":{"start":{"line":324,"column":0},"end":{"line":324,"column":27}},"324":{"start":{"line":325,"column":0},"end":{"line":325,"column":22}},"325":{"start":{"line":326,"column":0},"end":{"line":326,"column":5}},"326":{"start":{"line":327,"column":0},"end":{"line":327,"column":21}},"327":{"start":{"line":328,"column":0},"end":{"line":328,"column":3}},"332":{"start":{"line":333,"column":0},"end":{"line":333,"column":69}},"333":{"start":{"line":334,"column":0},"end":{"line":334,"column":30}},"336":{"start":{"line":337,"column":0},"end":{"line":337,"column":48}},"337":{"start":{"line":338,"column":0},"end":{"line":338,"column":21}},"338":{"start":{"line":339,"column":0},"end":{"line":339,"column":60}},"339":{"start":{"line":340,"column":0},"end":{"line":340,"column":5}},"342":{"start":{"line":343,"column":0},"end":{"line":343,"column":19}},"343":{"start":{"line":344,"column":0},"end":{"line":344,"column":58}},"344":{"start":{"line":345,"column":0},"end":{"line":345,"column":49}},"345":{"start":{"line":346,"column":0},"end":{"line":346,"column":28}},"346":{"start":{"line":347,"column":0},"end":{"line":347,"column":7}},"347":{"start":{"line":348,"column":0},"end":{"line":348,"column":5}},"349":{"start":{"line":350,"column":0},"end":{"line":350,"column":51}},"350":{"start":{"line":351,"column":0},"end":{"line":351,"column":3}},"355":{"start":{"line":356,"column":0},"end":{"line":356,"column":88}},"356":{"start":{"line":357,"column":0},"end":{"line":357,"column":47}},"358":{"start":{"line":359,"column":0},"end":{"line":359,"column":122}},"359":{"start":{"line":360,"column":0},"end":{"line":360,"column":24}},"360":{"start":{"line":361,"column":0},"end":{"line":361,"column":5}},"362":{"start":{"line":363,"column":0},"end":{"line":363,"column":115}},"363":{"start":{"line":364,"column":0},"end":{"line":364,"column":24}},"364":{"start":{"line":365,"column":0},"end":{"line":365,"column":5}},"366":{"start":{"line":367,"column":0},"end":{"line":367,"column":26}},"367":{"start":{"line":368,"column":0},"end":{"line":368,"column":3}},"372":{"start":{"line":373,"column":0},"end":{"line":373,"column":49}},"373":{"start":{"line":374,"column":0},"end":{"line":374,"column":56}},"374":{"start":{"line":375,"column":0},"end":{"line":375,"column":21}},"375":{"start":{"line":376,"column":0},"end":{"line":376,"column":41}},"376":{"start":{"line":377,"column":0},"end":{"line":377,"column":5}},"377":{"start":{"line":378,"column":0},"end":{"line":378,"column":13}},"378":{"start":{"line":379,"column":0},"end":{"line":379,"column":3}},"383":{"start":{"line":384,"column":0},"end":{"line":384,"column":55}},"385":{"start":{"line":386,"column":0},"end":{"line":386,"column":83}},"386":{"start":{"line":387,"column":0},"end":{"line":387,"column":27}},"387":{"start":{"line":388,"column":0},"end":{"line":388,"column":40}},"388":{"start":{"line":389,"column":0},"end":{"line":389,"column":5}},"391":{"start":{"line":392,"column":0},"end":{"line":392,"column":38}},"392":{"start":{"line":393,"column":0},"end":{"line":393,"column":27}},"394":{"start":{"line":395,"column":0},"end":{"line":395,"column":31}},"395":{"start":{"line":396,"column":0},"end":{"line":396,"column":34}},"396":{"start":{"line":397,"column":0},"end":{"line":397,"column":26}},"397":{"start":{"line":398,"column":0},"end":{"line":398,"column":17}},"398":{"start":{"line":399,"column":0},"end":{"line":399,"column":7}},"400":{"start":{"line":401,"column":0},"end":{"line":401,"column":63}},"401":{"start":{"line":402,"column":0},"end":{"line":402,"column":27}},"402":{"start":{"line":403,"column":0},"end":{"line":403,"column":7}},"403":{"start":{"line":404,"column":0},"end":{"line":404,"column":5}},"405":{"start":{"line":406,"column":0},"end":{"line":406,"column":14}},"406":{"start":{"line":407,"column":0},"end":{"line":407,"column":3}},"411":{"start":{"line":412,"column":0},"end":{"line":412,"column":59}},"412":{"start":{"line":413,"column":0},"end":{"line":413,"column":64}},"413":{"start":{"line":414,"column":0},"end":{"line":414,"column":101}},"414":{"start":{"line":415,"column":0},"end":{"line":415,"column":5}},"416":{"start":{"line":417,"column":0},"end":{"line":417,"column":38}},"417":{"start":{"line":418,"column":0},"end":{"line":418,"column":51}},"418":{"start":{"line":419,"column":0},"end":{"line":419,"column":5}},"420":{"start":{"line":421,"column":0},"end":{"line":421,"column":41}},"421":{"start":{"line":422,"column":0},"end":{"line":422,"column":54}},"422":{"start":{"line":423,"column":0},"end":{"line":423,"column":5}},"423":{"start":{"line":424,"column":0},"end":{"line":424,"column":3}},"428":{"start":{"line":429,"column":0},"end":{"line":429,"column":63}},"429":{"start":{"line":430,"column":0},"end":{"line":430,"column":57}},"430":{"start":{"line":431,"column":0},"end":{"line":431,"column":71}},"431":{"start":{"line":432,"column":0},"end":{"line":432,"column":34}},"432":{"start":{"line":433,"column":0},"end":{"line":433,"column":44}},"433":{"start":{"line":434,"column":0},"end":{"line":434,"column":18}},"434":{"start":{"line":435,"column":0},"end":{"line":435,"column":5}},"436":{"start":{"line":437,"column":0},"end":{"line":437,"column":44}},"437":{"start":{"line":438,"column":0},"end":{"line":438,"column":3}},"442":{"start":{"line":443,"column":0},"end":{"line":443,"column":71}},"443":{"start":{"line":444,"column":0},"end":{"line":444,"column":42}},"444":{"start":{"line":445,"column":0},"end":{"line":445,"column":51}},"445":{"start":{"line":446,"column":0},"end":{"line":446,"column":3}},"450":{"start":{"line":451,"column":0},"end":{"line":451,"column":22}},"451":{"start":{"line":452,"column":0},"end":{"line":452,"column":23}},"452":{"start":{"line":453,"column":0},"end":{"line":453,"column":33}},"453":{"start":{"line":454,"column":0},"end":{"line":454,"column":3}},"458":{"start":{"line":459,"column":0},"end":{"line":459,"column":56}},"459":{"start":{"line":460,"column":0},"end":{"line":460,"column":12}},"460":{"start":{"line":461,"column":0},"end":{"line":461,"column":28}},"461":{"start":{"line":462,"column":0},"end":{"line":462,"column":44}},"462":{"start":{"line":463,"column":0},"end":{"line":463,"column":6}},"463":{"start":{"line":464,"column":0},"end":{"line":464,"column":3}},"464":{"start":{"line":465,"column":0},"end":{"line":465,"column":1}}},"s":{"14":1,"15":82,"16":82,"17":82,"19":82,"20":82,"21":82,"22":82,"23":82,"24":82,"25":82,"26":82,"27":82,"28":82,"29":82,"34":82,"35":13,"36":13,"37":13,"38":13,"39":13,"40":13,"41":13,"42":13,"43":13,"44":13,"45":13,"47":13,"50":13,"52":13,"54":13,"55":260,"56":260,"57":200,"58":200,"59":200,"60":200,"61":260,"62":60,"63":60,"64":60,"65":60,"66":60,"67":60,"68":60,"69":60,"70":260,"72":13,"73":13,"74":13,"75":0,"76":0,"77":0,"78":0,"79":0,"80":0,"81":0,"82":0,"83":0,"84":13,"89":82,"91":278,"92":278,"93":23,"94":23,"96":255,"98":255,"99":195,"101":195,"102":195,"103":195,"104":195,"105":195,"106":195,"109":195,"110":195,"111":195,"114":195,"116":195,"117":278,"118":60,"119":60,"120":60,"121":278,"126":82,"129":13,"130":13,"131":13,"132":13,"133":13,"134":13,"135":13,"136":13,"137":13,"138":13,"139":13,"140":13,"141":13,"142":13,"143":13,"144":13,"145":13,"146":13,"147":13,"148":13,"149":13,"150":13,"151":13,"156":82,"157":255,"159":255,"160":255,"161":77,"162":57,"163":57,"164":20,"165":20,"166":137,"167":255,"169":118,"170":118,"171":78,"172":78,"173":118,"174":60,"175":60,"177":58,"178":58,"179":58,"180":255,"185":82,"187":58,"188":58,"190":58,"203":58,"208":82,"209":464,"210":464,"211":464,"212":464,"213":464,"214":464,"215":464,"216":464,"221":82,"222":202,"223":202,"224":202,"225":202,"226":202,"227":202,"228":202,"229":202,"232":202,"233":4,"234":4,"235":4,"236":4,"237":4,"238":4,"239":4,"242":202,"243":198,"244":198,"245":197,"246":197,"247":198,"250":202,"253":202,"254":1,"255":1,"257":202,"258":202,"263":82,"264":8,"265":8,"267":8,"268":32,"269":32,"270":32,"271":32,"273":32,"274":32,"275":6,"276":6,"277":32,"278":5,"279":5,"280":32,"281":4,"282":4,"283":32,"285":4,"287":3,"288":3,"289":3,"291":1,"292":1,"293":4,"294":32,"295":5,"296":4,"297":4,"298":5,"299":32,"300":2,"301":2,"302":32,"303":2,"304":2,"305":32,"306":3,"307":3,"308":2,"309":2,"310":3,"311":32,"312":32,"313":32,"315":8,"316":8,"321":82,"322":406,"323":406,"324":345,"325":345,"326":61,"327":406,"332":82,"333":203,"336":203,"337":203,"338":3,"339":3,"342":203,"343":202,"344":202,"345":202,"346":202,"347":202,"349":203,"350":203,"355":82,"356":205,"358":205,"359":14,"360":14,"362":205,"363":2,"364":2,"366":189,"367":205,"372":82,"373":203,"374":203,"375":2,"376":2,"377":201,"378":203,"383":82,"385":203,"386":203,"387":3,"388":3,"391":200,"392":200,"394":203,"395":603,"396":199,"397":199,"398":199,"400":603,"401":199,"402":199,"403":603,"405":1,"406":203,"411":82,"412":199,"413":1,"414":1,"416":199,"417":1,"418":1,"420":199,"421":1,"422":1,"423":199,"428":82,"429":281,"430":281,"431":257,"432":257,"433":257,"434":257,"436":261,"437":281,"442":82,"443":199,"444":199,"445":199,"450":82,"451":36,"452":36,"453":36,"458":82,"459":3,"460":3,"461":3,"462":3,"463":3,"464":82},"branchMap":{"0":{"type":"branch","line":15,"loc":{"start":{"line":15,"column":27},"end":{"line":465,"column":1}},"locations":[{"start":{"line":15,"column":27},"end":{"line":465,"column":1}}]},"1":{"type":"branch","line":20,"loc":{"start":{"line":20,"column":2},"end":{"line":30,"column":3}},"locations":[{"start":{"line":20,"column":2},"end":{"line":30,"column":3}}]},"2":{"type":"branch","line":35,"loc":{"start":{"line":35,"column":2},"end":{"line":85,"column":3}},"locations":[{"start":{"line":35,"column":2},"end":{"line":85,"column":3}}]},"3":{"type":"branch","line":55,"loc":{"start":{"line":55,"column":43},"end":{"line":71,"column":7}},"locations":[{"start":{"line":55,"column":43},"end":{"line":71,"column":7}}]},"4":{"type":"branch","line":57,"loc":{"start":{"line":57,"column":54},"end":{"line":61,"column":11}},"locations":[{"start":{"line":57,"column":54},"end":{"line":61,"column":11}}]},"5":{"type":"branch","line":62,"loc":{"start":{"line":62,"column":8},"end":{"line":70,"column":9}},"locations":[{"start":{"line":62,"column":8},"end":{"line":70,"column":9}}]},"6":{"type":"branch","line":65,"loc":{"start":{"line":65,"column":76},"end":{"line":65,"column":101}},"locations":[{"start":{"line":65,"column":76},"end":{"line":65,"column":101}}]},"7":{"type":"branch","line":75,"loc":{"start":{"line":75,"column":4},"end":{"line":84,"column":5}},"locations":[{"start":{"line":75,"column":4},"end":{"line":84,"column":5}}]},"8":{"type":"branch","line":90,"loc":{"start":{"line":90,"column":2},"end":{"line":122,"column":3}},"locations":[{"start":{"line":90,"column":2},"end":{"line":122,"column":3}}]},"9":{"type":"branch","line":93,"loc":{"start":{"line":93,"column":16},"end":{"line":95,"column":5}},"locations":[{"start":{"line":93,"column":16},"end":{"line":95,"column":5}}]},"10":{"type":"branch","line":95,"loc":{"start":{"line":95,"column":4},"end":{"line":118,"column":13}},"locations":[{"start":{"line":95,"column":4},"end":{"line":118,"column":13}}]},"11":{"type":"branch","line":95,"loc":{"start":{"line":95,"column":4},"end":{"line":99,"column":59}},"locations":[{"start":{"line":95,"column":4},"end":{"line":99,"column":59}}]},"12":{"type":"branch","line":99,"loc":{"start":{"line":99,"column":57},"end":{"line":118,"column":13}},"locations":[{"start":{"line":99,"column":57},"end":{"line":118,"column":13}}]},"13":{"type":"branch","line":118,"loc":{"start":{"line":118,"column":4},"end":{"line":121,"column":5}},"locations":[{"start":{"line":118,"column":4},"end":{"line":121,"column":5}}]},"14":{"type":"branch","line":127,"loc":{"start":{"line":127,"column":2},"end":{"line":152,"column":3}},"locations":[{"start":{"line":127,"column":2},"end":{"line":152,"column":3}}]},"15":{"type":"branch","line":157,"loc":{"start":{"line":157,"column":2},"end":{"line":181,"column":3}},"locations":[{"start":{"line":157,"column":2},"end":{"line":181,"column":3}}]},"16":{"type":"branch","line":160,"loc":{"start":{"line":160,"column":54},"end":{"line":161,"column":24}},"locations":[{"start":{"line":160,"column":54},"end":{"line":161,"column":24}}]},"17":{"type":"branch","line":161,"loc":{"start":{"line":161,"column":24},"end":{"line":166,"column":7}},"locations":[{"start":{"line":161,"column":24},"end":{"line":166,"column":7}}]},"18":{"type":"branch","line":162,"loc":{"start":{"line":162,"column":37},"end":{"line":166,"column":7}},"locations":[{"start":{"line":162,"column":37},"end":{"line":166,"column":7}}]},"19":{"type":"branch","line":164,"loc":{"start":{"line":164,"column":8},"end":{"line":166,"column":7}},"locations":[{"start":{"line":164,"column":8},"end":{"line":166,"column":7}}]},"20":{"type":"branch","line":166,"loc":{"start":{"line":166,"column":6},"end":{"line":168,"column":13}},"locations":[{"start":{"line":166,"column":6},"end":{"line":168,"column":13}}]},"21":{"type":"branch","line":168,"loc":{"start":{"line":168,"column":4},"end":{"line":180,"column":5}},"locations":[{"start":{"line":168,"column":4},"end":{"line":180,"column":5}}]},"22":{"type":"branch","line":171,"loc":{"start":{"line":171,"column":46},"end":{"line":172,"column":52}},"locations":[{"start":{"line":171,"column":46},"end":{"line":172,"column":52}}]},"23":{"type":"branch","line":172,"loc":{"start":{"line":172,"column":48},"end":{"line":173,"column":42}},"locations":[{"start":{"line":172,"column":48},"end":{"line":173,"column":42}}]},"24":{"type":"branch","line":174,"loc":{"start":{"line":174,"column":9},"end":{"line":176,"column":7}},"locations":[{"start":{"line":174,"column":9},"end":{"line":176,"column":7}}]},"25":{"type":"branch","line":176,"loc":{"start":{"line":176,"column":6},"end":{"line":180,"column":5}},"locations":[{"start":{"line":176,"column":6},"end":{"line":180,"column":5}}]},"26":{"type":"branch","line":186,"loc":{"start":{"line":186,"column":10},"end":{"line":204,"column":3}},"locations":[{"start":{"line":186,"column":10},"end":{"line":204,"column":3}}]},"27":{"type":"branch","line":209,"loc":{"start":{"line":209,"column":10},"end":{"line":217,"column":3}},"locations":[{"start":{"line":209,"column":10},"end":{"line":217,"column":3}}]},"28":{"type":"branch","line":215,"loc":{"start":{"line":215,"column":11},"end":{"line":215,"column":63}},"locations":[{"start":{"line":215,"column":11},"end":{"line":215,"column":63}}]},"29":{"type":"branch","line":222,"loc":{"start":{"line":222,"column":10},"end":{"line":259,"column":3}},"locations":[{"start":{"line":222,"column":10},"end":{"line":259,"column":3}}]},"30":{"type":"branch","line":233,"loc":{"start":{"line":233,"column":28},"end":{"line":240,"column":5}},"locations":[{"start":{"line":233,"column":28},"end":{"line":240,"column":5}}]},"31":{"type":"branch","line":243,"loc":{"start":{"line":243,"column":79},"end":{"line":248,"column":5}},"locations":[{"start":{"line":243,"column":79},"end":{"line":248,"column":5}}]},"32":{"type":"branch","line":245,"loc":{"start":{"line":245,"column":22},"end":{"line":247,"column":7}},"locations":[{"start":{"line":245,"column":22},"end":{"line":247,"column":7}}]},"33":{"type":"branch","line":254,"loc":{"start":{"line":254,"column":73},"end":{"line":256,"column":5}},"locations":[{"start":{"line":254,"column":73},"end":{"line":256,"column":5}}]},"34":{"type":"branch","line":234,"loc":{"start":{"line":234,"column":45},"end":{"line":234,"column":89}},"locations":[{"start":{"line":234,"column":45},"end":{"line":234,"column":89}}]},"35":{"type":"branch","line":234,"loc":{"start":{"line":234,"column":70},"end":{"line":234,"column":89}},"locations":[{"start":{"line":234,"column":70},"end":{"line":234,"column":89}}]},"36":{"type":"branch","line":264,"loc":{"start":{"line":264,"column":10},"end":{"line":317,"column":3}},"locations":[{"start":{"line":264,"column":10},"end":{"line":317,"column":3}}]},"37":{"type":"branch","line":268,"loc":{"start":{"line":268,"column":30},"end":{"line":314,"column":5}},"locations":[{"start":{"line":268,"column":30},"end":{"line":314,"column":5}}]},"38":{"type":"branch","line":275,"loc":{"start":{"line":275,"column":10},"end":{"line":277,"column":18}},"locations":[{"start":{"line":275,"column":10},"end":{"line":277,"column":18}}]},"39":{"type":"branch","line":278,"loc":{"start":{"line":278,"column":10},"end":{"line":280,"column":18}},"locations":[{"start":{"line":278,"column":10},"end":{"line":280,"column":18}}]},"40":{"type":"branch","line":281,"loc":{"start":{"line":281,"column":10},"end":{"line":283,"column":18}},"locations":[{"start":{"line":281,"column":10},"end":{"line":283,"column":18}}]},"41":{"type":"branch","line":284,"loc":{"start":{"line":284,"column":10},"end":{"line":294,"column":18}},"locations":[{"start":{"line":284,"column":10},"end":{"line":294,"column":18}}]},"42":{"type":"branch","line":286,"loc":{"start":{"line":286,"column":41},"end":{"line":286,"column":72}},"locations":[{"start":{"line":286,"column":41},"end":{"line":286,"column":72}}]},"43":{"type":"branch","line":286,"loc":{"start":{"line":286,"column":72},"end":{"line":293,"column":13}},"locations":[{"start":{"line":286,"column":72},"end":{"line":293,"column":13}}]},"44":{"type":"branch","line":290,"loc":{"start":{"line":290,"column":12},"end":{"line":293,"column":13}},"locations":[{"start":{"line":290,"column":12},"end":{"line":293,"column":13}}]},"45":{"type":"branch","line":295,"loc":{"start":{"line":295,"column":10},"end":{"line":299,"column":18}},"locations":[{"start":{"line":295,"column":10},"end":{"line":299,"column":18}}]},"46":{"type":"branch","line":296,"loc":{"start":{"line":296,"column":79},"end":{"line":298,"column":13}},"locations":[{"start":{"line":296,"column":79},"end":{"line":298,"column":13}}]},"47":{"type":"branch","line":300,"loc":{"start":{"line":300,"column":10},"end":{"line":302,"column":18}},"locations":[{"start":{"line":300,"column":10},"end":{"line":302,"column":18}}]},"48":{"type":"branch","line":303,"loc":{"start":{"line":303,"column":10},"end":{"line":305,"column":18}},"locations":[{"start":{"line":303,"column":10},"end":{"line":305,"column":18}}]},"49":{"type":"branch","line":306,"loc":{"start":{"line":306,"column":10},"end":{"line":311,"column":18}},"locations":[{"start":{"line":306,"column":10},"end":{"line":311,"column":18}}]},"50":{"type":"branch","line":308,"loc":{"start":{"line":308,"column":31},"end":{"line":310,"column":13}},"locations":[{"start":{"line":308,"column":31},"end":{"line":310,"column":13}}]},"51":{"type":"branch","line":289,"loc":{"start":{"line":289,"column":58},"end":{"line":289,"column":103}},"locations":[{"start":{"line":289,"column":58},"end":{"line":289,"column":103}}]},"52":{"type":"branch","line":292,"loc":{"start":{"line":292,"column":56},"end":{"line":292,"column":101}},"locations":[{"start":{"line":292,"column":56},"end":{"line":292,"column":101}}]},"53":{"type":"branch","line":322,"loc":{"start":{"line":322,"column":10},"end":{"line":328,"column":3}},"locations":[{"start":{"line":322,"column":10},"end":{"line":328,"column":3}}]},"54":{"type":"branch","line":324,"loc":{"start":{"line":324,"column":26},"end":{"line":326,"column":5}},"locations":[{"start":{"line":324,"column":26},"end":{"line":326,"column":5}}]},"55":{"type":"branch","line":326,"loc":{"start":{"line":326,"column":4},"end":{"line":327,"column":21}},"locations":[{"start":{"line":326,"column":4},"end":{"line":327,"column":21}}]},"56":{"type":"branch","line":333,"loc":{"start":{"line":333,"column":10},"end":{"line":351,"column":3}},"locations":[{"start":{"line":333,"column":10},"end":{"line":351,"column":3}}]},"57":{"type":"branch","line":338,"loc":{"start":{"line":338,"column":20},"end":{"line":340,"column":5}},"locations":[{"start":{"line":338,"column":20},"end":{"line":340,"column":5}}]},"58":{"type":"branch","line":343,"loc":{"start":{"line":343,"column":18},"end":{"line":348,"column":5}},"locations":[{"start":{"line":343,"column":18},"end":{"line":348,"column":5}}]},"59":{"type":"branch","line":339,"loc":{"start":{"line":339,"column":34},"end":{"line":339,"column":57}},"locations":[{"start":{"line":339,"column":34},"end":{"line":339,"column":57}}]},"60":{"type":"branch","line":356,"loc":{"start":{"line":356,"column":10},"end":{"line":368,"column":3}},"locations":[{"start":{"line":356,"column":10},"end":{"line":368,"column":3}}]},"61":{"type":"branch","line":359,"loc":{"start":{"line":359,"column":40},"end":{"line":359,"column":79}},"locations":[{"start":{"line":359,"column":40},"end":{"line":359,"column":79}}]},"62":{"type":"branch","line":359,"loc":{"start":{"line":359,"column":74},"end":{"line":359,"column":121}},"locations":[{"start":{"line":359,"column":74},"end":{"line":359,"column":121}}]},"63":{"type":"branch","line":359,"loc":{"start":{"line":359,"column":121},"end":{"line":361,"column":5}},"locations":[{"start":{"line":359,"column":121},"end":{"line":361,"column":5}}]},"64":{"type":"branch","line":361,"loc":{"start":{"line":361,"column":4},"end":{"line":363,"column":80}},"locations":[{"start":{"line":361,"column":4},"end":{"line":363,"column":80}}]},"65":{"type":"branch","line":361,"loc":{"start":{"line":361,"column":4},"end":{"line":363,"column":45}},"locations":[{"start":{"line":361,"column":4},"end":{"line":363,"column":45}}]},"66":{"type":"branch","line":363,"loc":{"start":{"line":363,"column":40},"end":{"line":363,"column":80}},"locations":[{"start":{"line":363,"column":40},"end":{"line":363,"column":80}}]},"67":{"type":"branch","line":363,"loc":{"start":{"line":363,"column":75},"end":{"line":363,"column":114}},"locations":[{"start":{"line":363,"column":75},"end":{"line":363,"column":114}}]},"68":{"type":"branch","line":363,"loc":{"start":{"line":363,"column":114},"end":{"line":365,"column":5}},"locations":[{"start":{"line":363,"column":114},"end":{"line":365,"column":5}}]},"69":{"type":"branch","line":365,"loc":{"start":{"line":365,"column":4},"end":{"line":367,"column":26}},"locations":[{"start":{"line":365,"column":4},"end":{"line":367,"column":26}}]},"70":{"type":"branch","line":373,"loc":{"start":{"line":373,"column":10},"end":{"line":379,"column":3}},"locations":[{"start":{"line":373,"column":10},"end":{"line":379,"column":3}}]},"71":{"type":"branch","line":375,"loc":{"start":{"line":375,"column":20},"end":{"line":377,"column":5}},"locations":[{"start":{"line":375,"column":20},"end":{"line":377,"column":5}}]},"72":{"type":"branch","line":377,"loc":{"start":{"line":377,"column":4},"end":{"line":378,"column":13}},"locations":[{"start":{"line":377,"column":4},"end":{"line":378,"column":13}}]},"73":{"type":"branch","line":384,"loc":{"start":{"line":384,"column":10},"end":{"line":407,"column":3}},"locations":[{"start":{"line":384,"column":10},"end":{"line":407,"column":3}}]},"74":{"type":"branch","line":387,"loc":{"start":{"line":387,"column":26},"end":{"line":389,"column":5}},"locations":[{"start":{"line":387,"column":26},"end":{"line":389,"column":5}}]},"75":{"type":"branch","line":389,"loc":{"start":{"line":389,"column":4},"end":{"line":395,"column":30}},"locations":[{"start":{"line":389,"column":4},"end":{"line":395,"column":30}}]},"76":{"type":"branch","line":395,"loc":{"start":{"line":395,"column":30},"end":{"line":404,"column":5}},"locations":[{"start":{"line":395,"column":30},"end":{"line":404,"column":5}}]},"77":{"type":"branch","line":396,"loc":{"start":{"line":396,"column":33},"end":{"line":399,"column":7}},"locations":[{"start":{"line":396,"column":33},"end":{"line":399,"column":7}}]},"78":{"type":"branch","line":399,"loc":{"start":{"line":399,"column":6},"end":{"line":401,"column":39}},"locations":[{"start":{"line":399,"column":6},"end":{"line":401,"column":39}}]},"79":{"type":"branch","line":399,"loc":{"start":{"line":399,"column":6},"end":{"line":401,"column":24}},"locations":[{"start":{"line":399,"column":6},"end":{"line":401,"column":24}}]},"80":{"type":"branch","line":401,"loc":{"start":{"line":401,"column":10},"end":{"line":401,"column":39}},"locations":[{"start":{"line":401,"column":10},"end":{"line":401,"column":39}}]},"81":{"type":"branch","line":401,"loc":{"start":{"line":401,"column":34},"end":{"line":401,"column":62}},"locations":[{"start":{"line":401,"column":34},"end":{"line":401,"column":62}}]},"82":{"type":"branch","line":401,"loc":{"start":{"line":401,"column":62},"end":{"line":403,"column":7}},"locations":[{"start":{"line":401,"column":62},"end":{"line":403,"column":7}}]},"83":{"type":"branch","line":404,"loc":{"start":{"line":404,"column":4},"end":{"line":406,"column":14}},"locations":[{"start":{"line":404,"column":4},"end":{"line":406,"column":14}}]},"84":{"type":"branch","line":412,"loc":{"start":{"line":412,"column":10},"end":{"line":424,"column":3}},"locations":[{"start":{"line":412,"column":10},"end":{"line":424,"column":3}}]},"85":{"type":"branch","line":413,"loc":{"start":{"line":413,"column":63},"end":{"line":415,"column":5}},"locations":[{"start":{"line":413,"column":63},"end":{"line":415,"column":5}}]},"86":{"type":"branch","line":415,"loc":{"start":{"line":415,"column":4},"end":{"line":417,"column":37}},"locations":[{"start":{"line":415,"column":4},"end":{"line":417,"column":37}}]},"87":{"type":"branch","line":417,"loc":{"start":{"line":417,"column":37},"end":{"line":419,"column":5}},"locations":[{"start":{"line":417,"column":37},"end":{"line":419,"column":5}}]},"88":{"type":"branch","line":419,"loc":{"start":{"line":419,"column":4},"end":{"line":421,"column":40}},"locations":[{"start":{"line":419,"column":4},"end":{"line":421,"column":40}}]},"89":{"type":"branch","line":421,"loc":{"start":{"line":421,"column":40},"end":{"line":423,"column":5}},"locations":[{"start":{"line":421,"column":40},"end":{"line":423,"column":5}}]},"90":{"type":"branch","line":429,"loc":{"start":{"line":429,"column":10},"end":{"line":438,"column":3}},"locations":[{"start":{"line":429,"column":10},"end":{"line":438,"column":3}}]},"91":{"type":"branch","line":431,"loc":{"start":{"line":431,"column":9},"end":{"line":431,"column":70}},"locations":[{"start":{"line":431,"column":9},"end":{"line":431,"column":70}}]},"92":{"type":"branch","line":431,"loc":{"start":{"line":431,"column":70},"end":{"line":435,"column":5}},"locations":[{"start":{"line":431,"column":70},"end":{"line":435,"column":5}}]},"93":{"type":"branch","line":435,"loc":{"start":{"line":435,"column":4},"end":{"line":437,"column":44}},"locations":[{"start":{"line":435,"column":4},"end":{"line":437,"column":44}}]},"94":{"type":"branch","line":435,"loc":{"start":{"line":435,"column":4},"end":{"line":437,"column":39}},"locations":[{"start":{"line":435,"column":4},"end":{"line":437,"column":39}}]},"95":{"type":"branch","line":437,"loc":{"start":{"line":437,"column":34},"end":{"line":437,"column":44}},"locations":[{"start":{"line":437,"column":34},"end":{"line":437,"column":44}}]},"96":{"type":"branch","line":443,"loc":{"start":{"line":443,"column":10},"end":{"line":446,"column":3}},"locations":[{"start":{"line":443,"column":10},"end":{"line":446,"column":3}}]},"97":{"type":"branch","line":451,"loc":{"start":{"line":451,"column":2},"end":{"line":454,"column":3}},"locations":[{"start":{"line":451,"column":2},"end":{"line":454,"column":3}}]},"98":{"type":"branch","line":459,"loc":{"start":{"line":459,"column":2},"end":{"line":464,"column":3}},"locations":[{"start":{"line":459,"column":2},"end":{"line":464,"column":3}}]}},"b":{"0":[82],"1":[82],"2":[13],"3":[260],"4":[200],"5":[60],"6":[0],"7":[0],"8":[278],"9":[23],"10":[256],"11":[255],"12":[195],"13":[60],"14":[13],"15":[255],"16":[214],"17":[77],"18":[57],"19":[20],"20":[137],"21":[118],"22":[78],"23":[78],"24":[60],"25":[58],"26":[58],"27":[464],"28":[801],"29":[202],"30":[4],"31":[198],"32":[197],"33":[1],"34":[28],"35":[24],"36":[8],"37":[32],"38":[6],"39":[5],"40":[4],"41":[4],"42":[3],"43":[3],"44":[1],"45":[5],"46":[4],"47":[2],"48":[2],"49":[3],"50":[2],"51":[7],"52":[3],"53":[406],"54":[345],"55":[61],"56":[203],"57":[3],"58":[202],"59":[6],"60":[205],"61":[200],"62":[200],"63":[14],"64":[197],"65":[191],"66":[189],"67":[189],"68":[2],"69":[189],"70":[203],"71":[2],"72":[201],"73":[203],"74":[3],"75":[200],"76":[603],"77":[199],"78":[529],"79":[404],"80":[398],"81":[199],"82":[199],"83":[1],"84":[199],"85":[1],"86":[198],"87":[1],"88":[197],"89":[1],"90":[281],"91":[25],"92":[257],"93":[261],"94":[24],"95":[0],"96":[199],"97":[36],"98":[3]},"fnMap":{"0":{"name":"<instance_members_initializer>","decl":{"start":{"line":15,"column":27},"end":{"line":465,"column":1}},"loc":{"start":{"line":15,"column":27},"end":{"line":465,"column":1}},"line":15},"1":{"name":"ContentLoader","decl":{"start":{"line":20,"column":2},"end":{"line":30,"column":3}},"loc":{"start":{"line":20,"column":2},"end":{"line":30,"column":3}},"line":20},"2":{"name":"loadAllContent","decl":{"start":{"line":35,"column":2},"end":{"line":85,"column":3}},"loc":{"start":{"line":35,"column":2},"end":{"line":85,"column":3}},"line":35},"3":{"name":"loadFile","decl":{"start":{"line":90,"column":2},"end":{"line":122,"column":3}},"loc":{"start":{"line":90,"column":2},"end":{"line":122,"column":3}},"line":90},"4":{"name":"loadContentFromBuild","decl":{"start":{"line":127,"column":2},"end":{"line":152,"column":3}},"loc":{"start":{"line":127,"column":2},"end":{"line":152,"column":3}},"line":127},"5":{"name":"loadFileContent","decl":{"start":{"line":157,"column":2},"end":{"line":181,"column":3}},"loc":{"start":{"line":157,"column":2},"end":{"line":181,"column":3}},"line":157},"6":{"name":"getFallbackContent","decl":{"start":{"line":186,"column":10},"end":{"line":204,"column":3}},"loc":{"start":{"line":186,"column":10},"end":{"line":204,"column":3}},"line":186},"7":{"name":"getTitleFromPath","decl":{"start":{"line":209,"column":10},"end":{"line":217,"column":3}},"loc":{"start":{"line":209,"column":10},"end":{"line":217,"column":3}},"line":209},"8":{"name":"extractMetadata","decl":{"start":{"line":222,"column":10},"end":{"line":259,"column":3}},"loc":{"start":{"line":222,"column":10},"end":{"line":259,"column":3}},"line":222},"9":{"name":"parseFrontmatter","decl":{"start":{"line":264,"column":10},"end":{"line":317,"column":3}},"loc":{"start":{"line":264,"column":10},"end":{"line":317,"column":3}},"line":264},"10":{"name":"getCategoryFromPath","decl":{"start":{"line":322,"column":10},"end":{"line":328,"column":3}},"loc":{"start":{"line":322,"column":10},"end":{"line":328,"column":3}},"line":322},"11":{"name":"extractTags","decl":{"start":{"line":333,"column":10},"end":{"line":351,"column":3}},"loc":{"start":{"line":333,"column":10},"end":{"line":351,"column":3}},"line":333},"12":{"name":"extractDifficulty","decl":{"start":{"line":356,"column":10},"end":{"line":368,"column":3}},"loc":{"start":{"line":356,"column":10},"end":{"line":368,"column":3}},"line":356},"13":{"name":"extractOrder","decl":{"start":{"line":373,"column":10},"end":{"line":379,"column":3}},"loc":{"start":{"line":373,"column":10},"end":{"line":379,"column":3}},"line":373},"14":{"name":"extractDescription","decl":{"start":{"line":384,"column":10},"end":{"line":407,"column":3}},"loc":{"start":{"line":384,"column":10},"end":{"line":407,"column":3}},"line":384},"15":{"name":"validateContent","decl":{"start":{"line":412,"column":10},"end":{"line":424,"column":3}},"loc":{"start":{"line":412,"column":10},"end":{"line":424,"column":3}},"line":412},"16":{"name":"getCachedFile","decl":{"start":{"line":429,"column":10},"end":{"line":438,"column":3}},"loc":{"start":{"line":429,"column":10},"end":{"line":438,"column":3}},"line":429},"17":{"name":"cacheFile","decl":{"start":{"line":443,"column":10},"end":{"line":446,"column":3}},"loc":{"start":{"line":443,"column":10},"end":{"line":446,"column":3}},"line":443},"18":{"name":"clearCache","decl":{"start":{"line":451,"column":2},"end":{"line":454,"column":3}},"loc":{"start":{"line":451,"column":2},"end":{"line":454,"column":3}},"line":451},"19":{"name":"getCacheStats","decl":{"start":{"line":459,"column":2},"end":{"line":464,"column":3}},"loc":{"start":{"line":459,"column":2},"end":{"line":464,"column":3}},"line":459}},"f":{"0":82,"1":82,"2":13,"3":278,"4":13,"5":255,"6":58,"7":464,"8":202,"9":8,"10":406,"11":203,"12":205,"13":203,"14":203,"15":199,"16":281,"17":199,"18":36,"19":3}}
,"/home/mo/Documents/Code/Abu-Specification/src/lib/content/ContentRegistry.ts": {"path":"/home/mo/Documents/Code/Abu-Specification/src/lib/content/ContentRegistry.ts","all":false,"statementMap":{"0":{"start":{"line":1,"column":0},"end":{"line":1,"column":3}},"19":{"start":{"line":20,"column":0},"end":{"line":20,"column":58}},"20":{"start":{"line":21,"column":0},"end":{"line":21,"column":53}},"21":{"start":{"line":22,"column":0},"end":{"line":22,"column":60}},"22":{"start":{"line":23,"column":0},"end":{"line":23,"column":54}},"23":{"start":{"line":24,"column":0},"end":{"line":24,"column":37}},"24":{"start":{"line":25,"column":0},"end":{"line":25,"column":21}},"25":{"start":{"line":26,"column":0},"end":{"line":26,"column":25}},"26":{"start":{"line":27,"column":0},"end":{"line":27,"column":26}},"27":{"start":{"line":28,"column":0},"end":{"line":28,"column":4}},"28":{"start":{"line":29,"column":0},"end":{"line":29,"column":32}},"29":{"start":{"line":30,"column":0},"end":{"line":30,"column":18}},"30":{"start":{"line":31,"column":0},"end":{"line":31,"column":23}},"31":{"start":{"line":32,"column":0},"end":{"line":32,"column":17}},"32":{"start":{"line":33,"column":0},"end":{"line":33,"column":17}},"33":{"start":{"line":34,"column":0},"end":{"line":34,"column":23}},"34":{"start":{"line":35,"column":0},"end":{"line":35,"column":19}},"35":{"start":{"line":36,"column":0},"end":{"line":36,"column":28}},"36":{"start":{"line":37,"column":0},"end":{"line":37,"column":4}},"38":{"start":{"line":39,"column":0},"end":{"line":39,"column":32}},"39":{"start":{"line":40,"column":0},"end":{"line":40,"column":33}},"40":{"start":{"line":41,"column":0},"end":{"line":41,"column":32}},"41":{"start":{"line":42,"column":0},"end":{"line":42,"column":53}},"42":{"start":{"line":43,"column":0},"end":{"line":43,"column":64}},"43":{"start":{"line":44,"column":0},"end":{"line":44,"column":32}},"45":{"start":{"line":46,"column":0},"end":{"line":46,"column":14}},"46":{"start":{"line":47,"column":0},"end":{"line":47,"column":27}},"47":{"start":{"line":48,"column":0},"end":{"line":48,"column":28}},"48":{"start":{"line":49,"column":0},"end":{"line":49,"column":26}},"49":{"start":{"line":50,"column":0},"end":{"line":50,"column":5}},"50":{"start":{"line":51,"column":0},"end":{"line":51,"column":48}},"51":{"start":{"line":52,"column":0},"end":{"line":52,"column":49}},"52":{"start":{"line":53,"column":0},"end":{"line":53,"column":49}},"53":{"start":{"line":54,"column":0},"end":{"line":54,"column":3}},"58":{"start":{"line":59,"column":0},"end":{"line":59,"column":37}},"59":{"start":{"line":60,"column":0},"end":{"line":60,"column":29}},"60":{"start":{"line":61,"column":0},"end":{"line":61,"column":13}},"61":{"start":{"line":62,"column":0},"end":{"line":62,"column":5}},"63":{"start":{"line":64,"column":0},"end":{"line":64,"column":9}},"65":{"start":{"line":66,"column":0},"end":{"line":66,"column":60}},"67":{"start":{"line":68,"column":0},"end":{"line":68,"column":41}},"68":{"start":{"line":69,"column":0},"end":{"line":69,"column":78}},"69":{"start":{"line":70,"column":0},"end":{"line":70,"column":7}},"72":{"start":{"line":73,"column":0},"end":{"line":73,"column":53}},"73":{"start":{"line":74,"column":0},"end":{"line":74,"column":52}},"74":{"start":{"line":75,"column":0},"end":{"line":75,"column":7}},"77":{"start":{"line":78,"column":0},"end":{"line":78,"column":42}},"80":{"start":{"line":81,"column":0},"end":{"line":81,"column":25}},"82":{"start":{"line":83,"column":0},"end":{"line":83,"column":32}},"83":{"start":{"line":84,"column":0},"end":{"line":84,"column":80}},"84":{"start":{"line":85,"column":0},"end":{"line":85,"column":21}},"85":{"start":{"line":86,"column":0},"end":{"line":86,"column":69}},"86":{"start":{"line":87,"column":0},"end":{"line":87,"column":18}},"87":{"start":{"line":88,"column":0},"end":{"line":88,"column":5}},"88":{"start":{"line":89,"column":0},"end":{"line":89,"column":3}},"93":{"start":{"line":94,"column":0},"end":{"line":94,"column":70}},"95":{"start":{"line":96,"column":0},"end":{"line":96,"column":50}},"98":{"start":{"line":99,"column":0},"end":{"line":99,"column":51}},"99":{"start":{"line":100,"column":0},"end":{"line":100,"column":41}},"100":{"start":{"line":101,"column":0},"end":{"line":101,"column":40}},"101":{"start":{"line":102,"column":0},"end":{"line":102,"column":5}},"102":{"start":{"line":103,"column":0},"end":{"line":103,"column":53}},"105":{"start":{"line":106,"column":0},"end":{"line":106,"column":50}},"106":{"start":{"line":107,"column":0},"end":{"line":107,"column":32}},"107":{"start":{"line":108,"column":0},"end":{"line":108,"column":31}},"108":{"start":{"line":109,"column":0},"end":{"line":109,"column":7}},"109":{"start":{"line":110,"column":0},"end":{"line":110,"column":44}},"110":{"start":{"line":111,"column":0},"end":{"line":111,"column":5}},"113":{"start":{"line":114,"column":0},"end":{"line":114,"column":40}},"114":{"start":{"line":115,"column":0},"end":{"line":115,"column":3}},"119":{"start":{"line":120,"column":0},"end":{"line":120,"column":57}},"121":{"start":{"line":122,"column":0},"end":{"line":122,"column":47}},"123":{"start":{"line":124,"column":0},"end":{"line":124,"column":52}},"124":{"start":{"line":125,"column":0},"end":{"line":125,"column":11}},"125":{"start":{"line":126,"column":0},"end":{"line":126,"column":80}},"126":{"start":{"line":127,"column":0},"end":{"line":127,"column":36}},"127":{"start":{"line":128,"column":0},"end":{"line":128,"column":23}},"128":{"start":{"line":129,"column":0},"end":{"line":129,"column":82}},"129":{"start":{"line":130,"column":0},"end":{"line":130,"column":7}},"130":{"start":{"line":131,"column":0},"end":{"line":131,"column":5}},"133":{"start":{"line":134,"column":0},"end":{"line":134,"column":76}},"136":{"start":{"line":137,"column":0},"end":{"line":137,"column":33}},"137":{"start":{"line":138,"column":0},"end":{"line":138,"column":39}},"138":{"start":{"line":139,"column":0},"end":{"line":139,"column":5}},"140":{"start":{"line":141,"column":0},"end":{"line":141,"column":40}},"141":{"start":{"line":142,"column":0},"end":{"line":142,"column":53}},"142":{"start":{"line":143,"column":0},"end":{"line":143,"column":5}},"144":{"start":{"line":145,"column":0},"end":{"line":145,"column":90}},"145":{"start":{"line":146,"column":0},"end":{"line":146,"column":3}},"150":{"start":{"line":151,"column":0},"end":{"line":151,"column":61}},"151":{"start":{"line":152,"column":0},"end":{"line":152,"column":40}},"152":{"start":{"line":153,"column":0},"end":{"line":153,"column":49}},"155":{"start":{"line":156,"column":0},"end":{"line":156,"column":63}},"158":{"start":{"line":159,"column":0},"end":{"line":159,"column":47}},"159":{"start":{"line":160,"column":0},"end":{"line":160,"column":31}},"160":{"start":{"line":161,"column":0},"end":{"line":161,"column":56}},"161":{"start":{"line":162,"column":0},"end":{"line":162,"column":5}},"162":{"start":{"line":163,"column":0},"end":{"line":163,"column":59}},"165":{"start":{"line":166,"column":0},"end":{"line":166,"column":31}},"166":{"start":{"line":167,"column":0},"end":{"line":167,"column":46}},"167":{"start":{"line":168,"column":0},"end":{"line":168,"column":52}},"168":{"start":{"line":169,"column":0},"end":{"line":169,"column":7}},"169":{"start":{"line":170,"column":0},"end":{"line":170,"column":56}},"170":{"start":{"line":171,"column":0},"end":{"line":171,"column":5}},"171":{"start":{"line":172,"column":0},"end":{"line":172,"column":3}},"176":{"start":{"line":177,"column":0},"end":{"line":177,"column":60}},"177":{"start":{"line":178,"column":0},"end":{"line":178,"column":31}},"180":{"start":{"line":181,"column":0},"end":{"line":181,"column":61}},"183":{"start":{"line":184,"column":0},"end":{"line":184,"column":54}},"186":{"start":{"line":187,"column":0},"end":{"line":187,"column":50}},"187":{"start":{"line":188,"column":0},"end":{"line":188,"column":40}},"188":{"start":{"line":189,"column":0},"end":{"line":189,"column":5}},"191":{"start":{"line":192,"column":0},"end":{"line":192,"column":64}},"193":{"start":{"line":194,"column":0},"end":{"line":194,"column":17}},"194":{"start":{"line":195,"column":0},"end":{"line":195,"column":3}},"199":{"start":{"line":200,"column":0},"end":{"line":200,"column":44}},"200":{"start":{"line":201,"column":0},"end":{"line":201,"column":15}},"201":{"start":{"line":202,"column":0},"end":{"line":202,"column":20}},"202":{"start":{"line":203,"column":0},"end":{"line":203,"column":31}},"203":{"start":{"line":204,"column":0},"end":{"line":204,"column":19}},"204":{"start":{"line":205,"column":0},"end":{"line":205,"column":38}},"205":{"start":{"line":206,"column":0},"end":{"line":206,"column":46}},"206":{"start":{"line":207,"column":0},"end":{"line":207,"column":3}},"211":{"start":{"line":212,"column":0},"end":{"line":212,"column":45}},"212":{"start":{"line":213,"column":0},"end":{"line":213,"column":31}},"213":{"start":{"line":214,"column":0},"end":{"line":214,"column":77}},"214":{"start":{"line":215,"column":0},"end":{"line":215,"column":73}},"215":{"start":{"line":216,"column":0},"end":{"line":216,"column":77}},"216":{"start":{"line":217,"column":0},"end":{"line":217,"column":72}},"217":{"start":{"line":218,"column":0},"end":{"line":218,"column":77}},"218":{"start":{"line":219,"column":0},"end":{"line":219,"column":75}},"219":{"start":{"line":220,"column":0},"end":{"line":220,"column":76}},"220":{"start":{"line":221,"column":0},"end":{"line":221,"column":44}},"221":{"start":{"line":222,"column":0},"end":{"line":222,"column":7}},"223":{"start":{"line":224,"column":0},"end":{"line":224,"column":31}},"224":{"start":{"line":225,"column":0},"end":{"line":225,"column":3}},"229":{"start":{"line":230,"column":0},"end":{"line":230,"column":31}},"230":{"start":{"line":231,"column":0},"end":{"line":231,"column":44}},"231":{"start":{"line":232,"column":0},"end":{"line":232,"column":54}},"232":{"start":{"line":233,"column":0},"end":{"line":233,"column":42}},"235":{"start":{"line":236,"column":0},"end":{"line":236,"column":22}},"236":{"start":{"line":237,"column":0},"end":{"line":237,"column":45}},"237":{"start":{"line":238,"column":0},"end":{"line":238,"column":39}},"238":{"start":{"line":239,"column":0},"end":{"line":239,"column":5}},"239":{"start":{"line":240,"column":0},"end":{"line":240,"column":37}},"240":{"start":{"line":241,"column":0},"end":{"line":241,"column":87}},"243":{"start":{"line":244,"column":0},"end":{"line":244,"column":48}},"244":{"start":{"line":245,"column":0},"end":{"line":245,"column":53}},"245":{"start":{"line":246,"column":0},"end":{"line":246,"column":39}},"246":{"start":{"line":247,"column":0},"end":{"line":247,"column":5}},"247":{"start":{"line":248,"column":0},"end":{"line":248,"column":59}},"248":{"start":{"line":249,"column":0},"end":{"line":249,"column":46}},"249":{"start":{"line":250,"column":0},"end":{"line":250,"column":40}},"250":{"start":{"line":251,"column":0},"end":{"line":251,"column":20}},"253":{"start":{"line":254,"column":0},"end":{"line":254,"column":75}},"254":{"start":{"line":255,"column":0},"end":{"line":255,"column":70}},"255":{"start":{"line":256,"column":0},"end":{"line":256,"column":41}},"256":{"start":{"line":257,"column":0},"end":{"line":257,"column":3}},"261":{"start":{"line":262,"column":0},"end":{"line":262,"column":28}},"262":{"start":{"line":263,"column":0},"end":{"line":263,"column":44}},"263":{"start":{"line":264,"column":0},"end":{"line":264,"column":3}},"268":{"start":{"line":269,"column":0},"end":{"line":269,"column":47}},"269":{"start":{"line":270,"column":0},"end":{"line":270,"column":31}},"270":{"start":{"line":271,"column":0},"end":{"line":271,"column":3}},"275":{"start":{"line":276,"column":0},"end":{"line":276,"column":56}},"276":{"start":{"line":277,"column":0},"end":{"line":277,"column":57}},"277":{"start":{"line":278,"column":0},"end":{"line":278,"column":20}},"278":{"start":{"line":279,"column":0},"end":{"line":279,"column":16}},"279":{"start":{"line":280,"column":0},"end":{"line":280,"column":5}},"281":{"start":{"line":282,"column":0},"end":{"line":282,"column":26}},"282":{"start":{"line":283,"column":0},"end":{"line":283,"column":47}},"283":{"start":{"line":284,"column":0},"end":{"line":284,"column":66}},"284":{"start":{"line":285,"column":0},"end":{"line":285,"column":3}},"289":{"start":{"line":290,"column":0},"end":{"line":290,"column":35}},"290":{"start":{"line":291,"column":0},"end":{"line":291,"column":52}},"291":{"start":{"line":292,"column":0},"end":{"line":292,"column":3}},"296":{"start":{"line":297,"column":0},"end":{"line":297,"column":53}},"297":{"start":{"line":298,"column":0},"end":{"line":298,"column":39}},"298":{"start":{"line":299,"column":0},"end":{"line":299,"column":3}},"303":{"start":{"line":304,"column":0},"end":{"line":304,"column":91}},"304":{"start":{"line":305,"column":0},"end":{"line":305,"column":45}},"305":{"start":{"line":306,"column":0},"end":{"line":306,"column":44}},"306":{"start":{"line":307,"column":0},"end":{"line":307,"column":45}},"309":{"start":{"line":310,"column":0},"end":{"line":310,"column":36}},"310":{"start":{"line":311,"column":0},"end":{"line":311,"column":57}},"311":{"start":{"line":312,"column":0},"end":{"line":312,"column":22}},"312":{"start":{"line":313,"column":0},"end":{"line":313,"column":40}},"313":{"start":{"line":314,"column":0},"end":{"line":314,"column":52}},"314":{"start":{"line":315,"column":0},"end":{"line":315,"column":68}},"315":{"start":{"line":316,"column":0},"end":{"line":316,"column":81}},"316":{"start":{"line":317,"column":0},"end":{"line":317,"column":59}},"317":{"start":{"line":318,"column":0},"end":{"line":318,"column":54}},"318":{"start":{"line":319,"column":0},"end":{"line":319,"column":11}},"319":{"start":{"line":320,"column":0},"end":{"line":320,"column":9}},"320":{"start":{"line":321,"column":0},"end":{"line":321,"column":7}},"321":{"start":{"line":322,"column":0},"end":{"line":322,"column":5}},"324":{"start":{"line":325,"column":0},"end":{"line":325,"column":39}},"325":{"start":{"line":326,"column":0},"end":{"line":326,"column":36}},"326":{"start":{"line":327,"column":0},"end":{"line":327,"column":22}},"327":{"start":{"line":328,"column":0},"end":{"line":328,"column":51}},"328":{"start":{"line":329,"column":0},"end":{"line":329,"column":66}},"329":{"start":{"line":330,"column":0},"end":{"line":330,"column":3}},"334":{"start":{"line":335,"column":0},"end":{"line":335,"column":64}},"335":{"start":{"line":336,"column":0},"end":{"line":336,"column":47}},"336":{"start":{"line":337,"column":0},"end":{"line":337,"column":63}},"337":{"start":{"line":338,"column":0},"end":{"line":338,"column":21}},"338":{"start":{"line":339,"column":0},"end":{"line":339,"column":7}},"339":{"start":{"line":340,"column":0},"end":{"line":340,"column":5}},"340":{"start":{"line":341,"column":0},"end":{"line":341,"column":21}},"341":{"start":{"line":342,"column":0},"end":{"line":342,"column":3}},"346":{"start":{"line":347,"column":0},"end":{"line":347,"column":57}},"347":{"start":{"line":348,"column":0},"end":{"line":348,"column":32}},"348":{"start":{"line":349,"column":0},"end":{"line":349,"column":3}},"353":{"start":{"line":354,"column":0},"end":{"line":354,"column":62}},"354":{"start":{"line":355,"column":0},"end":{"line":355,"column":47}},"355":{"start":{"line":356,"column":0},"end":{"line":356,"column":3}},"360":{"start":{"line":361,"column":0},"end":{"line":361,"column":52}},"361":{"start":{"line":362,"column":0},"end":{"line":362,"column":36}},"362":{"start":{"line":363,"column":0},"end":{"line":363,"column":3}},"367":{"start":{"line":368,"column":0},"end":{"line":368,"column":34}},"368":{"start":{"line":369,"column":0},"end":{"line":369,"column":17}},"369":{"start":{"line":370,"column":0},"end":{"line":370,"column":28}},"370":{"start":{"line":371,"column":0},"end":{"line":371,"column":3}},"375":{"start":{"line":376,"column":0},"end":{"line":376,"column":17}},"376":{"start":{"line":377,"column":0},"end":{"line":377,"column":23}},"377":{"start":{"line":378,"column":0},"end":{"line":378,"column":28}},"378":{"start":{"line":379,"column":0},"end":{"line":379,"column":22}},"379":{"start":{"line":380,"column":0},"end":{"line":380,"column":24}},"380":{"start":{"line":381,"column":0},"end":{"line":381,"column":32}},"381":{"start":{"line":382,"column":0},"end":{"line":382,"column":35}},"382":{"start":{"line":383,"column":0},"end":{"line":383,"column":39}},"383":{"start":{"line":384,"column":0},"end":{"line":384,"column":41}},"384":{"start":{"line":385,"column":0},"end":{"line":385,"column":31}},"385":{"start":{"line":386,"column":0},"end":{"line":386,"column":3}},"390":{"start":{"line":391,"column":0},"end":{"line":391,"column":16}},"396":{"start":{"line":397,"column":0},"end":{"line":397,"column":5}},"397":{"start":{"line":398,"column":0},"end":{"line":398,"column":12}},"398":{"start":{"line":399,"column":0},"end":{"line":399,"column":40}},"399":{"start":{"line":400,"column":0},"end":{"line":400,"column":33}},"400":{"start":{"line":401,"column":0},"end":{"line":401,"column":35}},"401":{"start":{"line":402,"column":0},"end":{"line":402,"column":46}},"402":{"start":{"line":403,"column":0},"end":{"line":403,"column":29}},"403":{"start":{"line":404,"column":0},"end":{"line":404,"column":6}},"404":{"start":{"line":405,"column":0},"end":{"line":405,"column":3}},"405":{"start":{"line":406,"column":0},"end":{"line":406,"column":1}}},"s":{"0":1,"19":1,"20":81,"21":81,"22":81,"23":81,"24":81,"25":81,"26":81,"27":81,"28":81,"29":81,"30":81,"31":81,"32":81,"33":81,"34":81,"35":81,"36":81,"38":81,"39":81,"40":81,"41":81,"42":81,"43":81,"45":81,"46":81,"47":81,"48":81,"49":81,"50":81,"51":81,"52":81,"53":81,"58":81,"59":39,"60":1,"61":1,"63":38,"65":38,"67":39,"68":2,"69":2,"72":39,"73":274,"74":274,"77":35,"80":35,"82":35,"83":35,"84":39,"85":3,"86":3,"87":3,"88":39,"93":81,"95":276,"98":276,"99":276,"100":104,"101":104,"102":276,"105":276,"106":452,"107":215,"108":215,"109":452,"110":452,"113":276,"114":276,"119":81,"121":35,"123":35,"124":275,"125":275,"126":275,"127":275,"128":21,"129":21,"130":275,"133":35,"136":35,"137":254,"138":254,"140":35,"141":51,"142":51,"144":35,"145":35,"150":81,"151":276,"152":276,"155":276,"158":276,"159":276,"160":8789,"161":8789,"162":276,"165":276,"166":8789,"167":1410,"168":1410,"169":8789,"170":8789,"171":276,"176":81,"177":277,"180":277,"183":277,"186":277,"187":454,"188":454,"191":277,"193":277,"194":277,"199":81,"200":1305,"201":1305,"202":1305,"203":1305,"204":1305,"205":1305,"206":1305,"211":81,"212":10116,"213":10116,"214":10116,"215":10116,"216":10116,"217":10116,"218":10116,"219":10116,"220":10116,"221":10116,"223":10116,"224":10116,"229":81,"230":36,"231":36,"232":36,"235":36,"236":36,"237":276,"238":276,"239":36,"240":36,"243":36,"244":36,"245":213,"246":213,"247":36,"248":36,"249":36,"250":36,"253":36,"254":36,"255":36,"256":36,"261":81,"262":22,"263":22,"268":81,"269":5,"270":5,"275":81,"276":5,"277":5,"278":2,"279":2,"281":3,"282":3,"283":3,"284":5,"289":81,"290":6,"291":6,"296":81,"297":2,"298":2,"303":81,"304":18,"305":18,"306":18,"309":18,"310":20,"311":20,"312":16,"313":112,"314":112,"315":87,"316":87,"317":87,"318":87,"319":112,"320":16,"321":20,"324":18,"325":18,"326":18,"327":18,"328":18,"329":18,"334":81,"335":108,"336":1737,"337":108,"338":108,"339":1737,"340":0,"341":108,"346":81,"347":2,"348":2,"353":81,"354":2,"355":2,"360":81,"361":2,"362":2,"367":81,"368":3,"369":3,"370":3,"375":81,"376":83,"377":83,"378":83,"379":83,"380":83,"381":83,"382":83,"383":83,"384":83,"385":83,"390":81,"396":2,"397":2,"398":2,"399":2,"400":2,"401":2,"402":2,"403":2,"404":2,"405":81},"branchMap":{"0":{"type":"branch","line":20,"loc":{"start":{"line":20,"column":57},"end":{"line":406,"column":1}},"locations":[{"start":{"line":20,"column":57},"end":{"line":406,"column":1}}]},"1":{"type":"branch","line":46,"loc":{"start":{"line":46,"column":2},"end":{"line":54,"column":3}},"locations":[{"start":{"line":46,"column":2},"end":{"line":54,"column":3}}]},"2":{"type":"branch","line":51,"loc":{"start":{"line":51,"column":18},"end":{"line":51,"column":48}},"locations":[{"start":{"line":51,"column":18},"end":{"line":51,"column":48}}]},"3":{"type":"branch","line":52,"loc":{"start":{"line":52,"column":18},"end":{"line":52,"column":49}},"locations":[{"start":{"line":52,"column":18},"end":{"line":52,"column":49}}]},"4":{"type":"branch","line":53,"loc":{"start":{"line":53,"column":19},"end":{"line":53,"column":49}},"locations":[{"start":{"line":53,"column":19},"end":{"line":53,"column":49}}]},"5":{"type":"branch","line":59,"loc":{"start":{"line":59,"column":2},"end":{"line":89,"column":3}},"locations":[{"start":{"line":59,"column":2},"end":{"line":89,"column":3}}]},"6":{"type":"branch","line":60,"loc":{"start":{"line":60,"column":28},"end":{"line":62,"column":5}},"locations":[{"start":{"line":60,"column":28},"end":{"line":62,"column":5}}]},"7":{"type":"branch","line":62,"loc":{"start":{"line":62,"column":4},"end":{"line":66,"column":60}},"locations":[{"start":{"line":62,"column":4},"end":{"line":66,"column":60}}]},"8":{"type":"branch","line":66,"loc":{"start":{"line":66,"column":58},"end":{"line":68,"column":40}},"locations":[{"start":{"line":66,"column":58},"end":{"line":68,"column":40}}]},"9":{"type":"branch","line":68,"loc":{"start":{"line":68,"column":40},"end":{"line":70,"column":7}},"locations":[{"start":{"line":68,"column":40},"end":{"line":70,"column":7}}]},"10":{"type":"branch","line":70,"loc":{"start":{"line":70,"column":6},"end":{"line":73,"column":52}},"locations":[{"start":{"line":70,"column":6},"end":{"line":73,"column":52}}]},"11":{"type":"branch","line":73,"loc":{"start":{"line":73,"column":52},"end":{"line":75,"column":7}},"locations":[{"start":{"line":73,"column":52},"end":{"line":75,"column":7}}]},"12":{"type":"branch","line":75,"loc":{"start":{"line":75,"column":6},"end":{"line":85,"column":13}},"locations":[{"start":{"line":75,"column":6},"end":{"line":85,"column":13}}]},"13":{"type":"branch","line":85,"loc":{"start":{"line":85,"column":4},"end":{"line":88,"column":5}},"locations":[{"start":{"line":85,"column":4},"end":{"line":88,"column":5}}]},"14":{"type":"branch","line":94,"loc":{"start":{"line":94,"column":2},"end":{"line":115,"column":3}},"locations":[{"start":{"line":94,"column":2},"end":{"line":115,"column":3}}]},"15":{"type":"branch","line":100,"loc":{"start":{"line":100,"column":40},"end":{"line":102,"column":5}},"locations":[{"start":{"line":100,"column":40},"end":{"line":102,"column":5}}]},"16":{"type":"branch","line":106,"loc":{"start":{"line":106,"column":49},"end":{"line":111,"column":5}},"locations":[{"start":{"line":106,"column":49},"end":{"line":111,"column":5}}]},"17":{"type":"branch","line":107,"loc":{"start":{"line":107,"column":31},"end":{"line":109,"column":7}},"locations":[{"start":{"line":107,"column":31},"end":{"line":109,"column":7}}]},"18":{"type":"branch","line":120,"loc":{"start":{"line":120,"column":2},"end":{"line":146,"column":3}},"locations":[{"start":{"line":120,"column":2},"end":{"line":146,"column":3}}]},"19":{"type":"branch","line":124,"loc":{"start":{"line":124,"column":51},"end":{"line":131,"column":5}},"locations":[{"start":{"line":124,"column":51},"end":{"line":131,"column":5}}]},"20":{"type":"branch","line":128,"loc":{"start":{"line":128,"column":6},"end":{"line":130,"column":7}},"locations":[{"start":{"line":128,"column":6},"end":{"line":130,"column":7}}]},"21":{"type":"branch","line":137,"loc":{"start":{"line":137,"column":32},"end":{"line":139,"column":5}},"locations":[{"start":{"line":137,"column":32},"end":{"line":139,"column":5}}]},"22":{"type":"branch","line":141,"loc":{"start":{"line":141,"column":39},"end":{"line":143,"column":5}},"locations":[{"start":{"line":141,"column":39},"end":{"line":143,"column":5}}]},"23":{"type":"branch","line":151,"loc":{"start":{"line":151,"column":10},"end":{"line":172,"column":3}},"locations":[{"start":{"line":151,"column":10},"end":{"line":172,"column":3}}]},"24":{"type":"branch","line":160,"loc":{"start":{"line":160,"column":30},"end":{"line":162,"column":5}},"locations":[{"start":{"line":160,"column":30},"end":{"line":162,"column":5}}]},"25":{"type":"branch","line":161,"loc":{"start":{"line":161,"column":43},"end":{"line":161,"column":53}},"locations":[{"start":{"line":161,"column":43},"end":{"line":161,"column":53}}]},"26":{"type":"branch","line":166,"loc":{"start":{"line":166,"column":30},"end":{"line":171,"column":5}},"locations":[{"start":{"line":166,"column":30},"end":{"line":171,"column":5}}]},"27":{"type":"branch","line":167,"loc":{"start":{"line":167,"column":45},"end":{"line":169,"column":7}},"locations":[{"start":{"line":167,"column":45},"end":{"line":169,"column":7}}]},"28":{"type":"branch","line":177,"loc":{"start":{"line":177,"column":10},"end":{"line":195,"column":3}},"locations":[{"start":{"line":177,"column":10},"end":{"line":195,"column":3}}]},"29":{"type":"branch","line":187,"loc":{"start":{"line":187,"column":49},"end":{"line":189,"column":5}},"locations":[{"start":{"line":187,"column":49},"end":{"line":189,"column":5}}]},"30":{"type":"branch","line":200,"loc":{"start":{"line":200,"column":10},"end":{"line":207,"column":3}},"locations":[{"start":{"line":200,"column":10},"end":{"line":207,"column":3}}]},"31":{"type":"branch","line":205,"loc":{"start":{"line":205,"column":14},"end":{"line":205,"column":37}},"locations":[{"start":{"line":205,"column":14},"end":{"line":205,"column":37}}]},"32":{"type":"branch","line":206,"loc":{"start":{"line":206,"column":14},"end":{"line":206,"column":44}},"locations":[{"start":{"line":206,"column":14},"end":{"line":206,"column":44}}]},"33":{"type":"branch","line":212,"loc":{"start":{"line":212,"column":10},"end":{"line":225,"column":3}},"locations":[{"start":{"line":212,"column":10},"end":{"line":225,"column":3}}]},"34":{"type":"branch","line":230,"loc":{"start":{"line":230,"column":10},"end":{"line":257,"column":3}},"locations":[{"start":{"line":230,"column":10},"end":{"line":257,"column":3}}]},"35":{"type":"branch","line":237,"loc":{"start":{"line":237,"column":44},"end":{"line":239,"column":5}},"locations":[{"start":{"line":237,"column":44},"end":{"line":239,"column":5}}]},"36":{"type":"branch","line":241,"loc":{"start":{"line":241,"column":51},"end":{"line":241,"column":85}},"locations":[{"start":{"line":241,"column":51},"end":{"line":241,"column":85}}]},"37":{"type":"branch","line":241,"loc":{"start":{"line":241,"column":78},"end":{"line":241,"column":87}},"locations":[{"start":{"line":241,"column":78},"end":{"line":241,"column":87}}]},"38":{"type":"branch","line":245,"loc":{"start":{"line":245,"column":52},"end":{"line":247,"column":5}},"locations":[{"start":{"line":245,"column":52},"end":{"line":247,"column":5}}]},"39":{"type":"branch","line":249,"loc":{"start":{"line":249,"column":11},"end":{"line":249,"column":45}},"locations":[{"start":{"line":249,"column":11},"end":{"line":249,"column":45}}]},"40":{"type":"branch","line":250,"loc":{"start":{"line":250,"column":12},"end":{"line":250,"column":39}},"locations":[{"start":{"line":250,"column":12},"end":{"line":250,"column":39}}]},"41":{"type":"branch","line":255,"loc":{"start":{"line":255,"column":11},"end":{"line":255,"column":69}},"locations":[{"start":{"line":255,"column":11},"end":{"line":255,"column":69}}]},"42":{"type":"branch","line":256,"loc":{"start":{"line":256,"column":12},"end":{"line":256,"column":39}},"locations":[{"start":{"line":256,"column":12},"end":{"line":256,"column":39}}]},"43":{"type":"branch","line":262,"loc":{"start":{"line":262,"column":2},"end":{"line":264,"column":3}},"locations":[{"start":{"line":262,"column":2},"end":{"line":264,"column":3}}]},"44":{"type":"branch","line":269,"loc":{"start":{"line":269,"column":2},"end":{"line":271,"column":3}},"locations":[{"start":{"line":269,"column":2},"end":{"line":271,"column":3}}]},"45":{"type":"branch","line":276,"loc":{"start":{"line":276,"column":2},"end":{"line":285,"column":3}},"locations":[{"start":{"line":276,"column":2},"end":{"line":285,"column":3}}]},"46":{"type":"branch","line":278,"loc":{"start":{"line":278,"column":19},"end":{"line":284,"column":66}},"locations":[{"start":{"line":278,"column":19},"end":{"line":284,"column":66}}]},"47":{"type":"branch","line":278,"loc":{"start":{"line":278,"column":19},"end":{"line":280,"column":5}},"locations":[{"start":{"line":278,"column":19},"end":{"line":280,"column":5}}]},"48":{"type":"branch","line":280,"loc":{"start":{"line":280,"column":4},"end":{"line":284,"column":66}},"locations":[{"start":{"line":280,"column":4},"end":{"line":284,"column":66}}]},"49":{"type":"branch","line":283,"loc":{"start":{"line":283,"column":11},"end":{"line":283,"column":46}},"locations":[{"start":{"line":283,"column":11},"end":{"line":283,"column":46}}]},"50":{"type":"branch","line":284,"loc":{"start":{"line":284,"column":14},"end":{"line":284,"column":64}},"locations":[{"start":{"line":284,"column":14},"end":{"line":284,"column":64}}]},"51":{"type":"branch","line":290,"loc":{"start":{"line":290,"column":2},"end":{"line":292,"column":3}},"locations":[{"start":{"line":290,"column":2},"end":{"line":292,"column":3}}]},"52":{"type":"branch","line":297,"loc":{"start":{"line":297,"column":2},"end":{"line":299,"column":3}},"locations":[{"start":{"line":297,"column":2},"end":{"line":299,"column":3}}]},"53":{"type":"branch","line":304,"loc":{"start":{"line":304,"column":2},"end":{"line":330,"column":3}},"locations":[{"start":{"line":304,"column":2},"end":{"line":330,"column":3}}]},"54":{"type":"branch","line":310,"loc":{"start":{"line":310,"column":35},"end":{"line":322,"column":5}},"locations":[{"start":{"line":310,"column":35},"end":{"line":322,"column":5}}]},"55":{"type":"branch","line":312,"loc":{"start":{"line":312,"column":21},"end":{"line":321,"column":7}},"locations":[{"start":{"line":312,"column":21},"end":{"line":321,"column":7}}]},"56":{"type":"branch","line":313,"loc":{"start":{"line":313,"column":39},"end":{"line":320,"column":9}},"locations":[{"start":{"line":313,"column":39},"end":{"line":320,"column":9}}]},"57":{"type":"branch","line":315,"loc":{"start":{"line":315,"column":25},"end":{"line":315,"column":67}},"locations":[{"start":{"line":315,"column":25},"end":{"line":315,"column":67}}]},"58":{"type":"branch","line":315,"loc":{"start":{"line":315,"column":67},"end":{"line":319,"column":11}},"locations":[{"start":{"line":315,"column":67},"end":{"line":319,"column":11}}]},"59":{"type":"branch","line":316,"loc":{"start":{"line":316,"column":74},"end":{"line":316,"column":81}},"locations":[{"start":{"line":316,"column":74},"end":{"line":316,"column":81}}]},"60":{"type":"branch","line":317,"loc":{"start":{"line":317,"column":52},"end":{"line":317,"column":59}},"locations":[{"start":{"line":317,"column":52},"end":{"line":317,"column":59}}]},"61":{"type":"branch","line":326,"loc":{"start":{"line":326,"column":12},"end":{"line":326,"column":35}},"locations":[{"start":{"line":326,"column":12},"end":{"line":326,"column":35}}]},"62":{"type":"branch","line":328,"loc":{"start":{"line":328,"column":11},"end":{"line":328,"column":50}},"locations":[{"start":{"line":328,"column":11},"end":{"line":328,"column":50}}]},"63":{"type":"branch","line":329,"loc":{"start":{"line":329,"column":14},"end":{"line":329,"column":64}},"locations":[{"start":{"line":329,"column":14},"end":{"line":329,"column":64}}]},"64":{"type":"branch","line":335,"loc":{"start":{"line":335,"column":10},"end":{"line":342,"column":3}},"locations":[{"start":{"line":335,"column":10},"end":{"line":342,"column":3}}]},"65":{"type":"branch","line":336,"loc":{"start":{"line":336,"column":46},"end":{"line":340,"column":5}},"locations":[{"start":{"line":336,"column":46},"end":{"line":340,"column":5}}]},"66":{"type":"branch","line":337,"loc":{"start":{"line":337,"column":62},"end":{"line":339,"column":7}},"locations":[{"start":{"line":337,"column":62},"end":{"line":339,"column":7}}]},"67":{"type":"branch","line":340,"loc":{"start":{"line":340,"column":4},"end":{"line":341,"column":21}},"locations":[{"start":{"line":340,"column":4},"end":{"line":341,"column":21}
[...]
e":378,"column":0},"end":{"line":378,"column":68}},"378":{"start":{"line":379,"column":0},"end":{"line":379,"column":28}},"379":{"start":{"line":380,"column":0},"end":{"line":380,"column":31}},"380":{"start":{"line":381,"column":0},"end":{"line":381,"column":36}},"381":{"start":{"line":382,"column":0},"end":{"line":382,"column":50}},"382":{"start":{"line":383,"column":0},"end":{"line":383,"column":10}},"383":{"start":{"line":384,"column":0},"end":{"line":384,"column":51}},"384":{"start":{"line":385,"column":0},"end":{"line":385,"column":3}},"385":{"start":{"line":386,"column":0},"end":{"line":386,"column":1}}},"s":{"0":1,"24":1,"25":1,"26":1,"31":2,"32":2,"33":2,"36":2,"37":2,"38":2,"39":2,"41":2,"42":2,"43":2,"44":2,"45":2,"46":2,"47":2,"48":2,"49":2,"50":2,"52":2,"54":2,"55":3,"56":3,"57":3,"58":3,"59":3,"60":1,"61":1,"62":1,"63":1,"64":1,"65":1,"66":1,"67":1,"68":3,"70":2,"71":2,"72":2,"77":1,"78":1,"79":1,"80":1,"81":1,"82":1,"83":1,"88":1,"89":11,"92":11,"93":1,"94":1,"96":11,"97":2,"98":2,"100":11,"101":1,"102":11,"103":10,"104":1,"105":1,"107":10,"108":1,"109":1,"111":10,"112":1,"113":1,"115":10,"116":1,"117":1,"118":10,"120":11,"121":1,"122":1,"125":11,"126":1,"127":1,"129":11,"130":11,"131":11,"132":11,"133":11,"138":1,"139":6,"140":6,"143":6,"144":4,"145":4,"146":4,"147":4,"148":4,"149":4,"150":4,"153":6,"154":4,"155":4,"156":4,"157":4,"158":4,"161":6,"162":4,"163":4,"164":1,"165":1,"166":4,"168":6,"169":6,"174":4,"175":4,"176":4,"178":4,"179":12,"180":12,"181":12,"182":12,"184":12,"185":12,"186":2,"187":2,"188":12,"189":2,"190":2,"191":12,"192":1,"193":1,"194":12,"196":1,"198":0,"199":0,"200":1,"202":1,"203":1,"204":1,"205":12,"206":2,"207":1,"208":1,"209":2,"210":12,"211":1,"212":1,"213":12,"214":1,"215":1,"216":12,"217":2,"218":2,"219":1,"220":1,"221":2,"222":12,"223":12,"224":12,"226":4,"227":4,"232":1,"239":1,"240":1,"241":1,"242":1,"243":1,"244":1,"245":1,"246":1,"247":1,"249":1,"250":1,"251":1,"253":1,"255":3,"258":3,"259":3,"262":3,"263":5,"264":5,"267":3,"268":3,"269":3,"272":1,"275":1,"276":1,"277":1,"279":1,"280":1,"281":1,"282":1,"284":1,"285":1,"286":1,"288":1,"289":1,"294":1,"295":6,"296":6,"297":6,"301":6,"302":6,"303":6,"304":6,"305":6,"307":6,"309":18,"310":1,"311":1,"314":18,"315":3,"316":3,"317":2,"318":2,"319":3,"322":15,"323":18,"325":18,"327":15,"328":3,"329":3,"332":15,"333":0,"334":0,"337":15,"338":15,"341":15,"342":4,"343":4,"344":15,"346":18,"347":7,"348":7,"349":18,"352":6,"353":6,"354":6,"355":6,"356":6,"361":1,"362":7,"363":7,"364":7,"366":7,"367":9,"368":9,"369":9,"371":7,"372":7,"377":1,"378":4,"379":1,"380":4,"381":1,"382":3,"383":2,"384":2,"385":4},"branchMap":{"0":{"type":"branch","line":25,"loc":{"start":{"line":25,"column":7},"end":{"line":27,"column":1}},"locations":[{"start":{"line":25,"column":7},"end":{"line":27,"column":1}}]},"1":{"type":"branch","line":32,"loc":{"start":{"line":32,"column":0},"end":{"line":73,"column":1}},"locations":[{"start":{"line":32,"column":0},"end":{"line":73,"column":1}}]},"2":{"type":"branch","line":55,"loc":{"start":{"line":55,"column":28},"end":{"line":69,"column":3}},"locations":[{"start":{"line":55,"column":28},"end":{"line":69,"column":3}}]},"3":{"type":"branch","line":60,"loc":{"start":{"line":60,"column":4},"end":{"line":68,"column":5}},"locations":[{"start":{"line":60,"column":4},"end":{"line":68,"column":5}}]},"4":{"type":"branch","line":63,"loc":{"start":{"line":63,"column":73},"end":{"line":63,"column":98}},"locations":[{"start":{"line":63,"column":73},"end":{"line":63,"column":98}}]},"5":{"type":"branch","line":78,"loc":{"start":{"line":78,"column":7},"end":{"line":84,"column":1}},"locations":[{"start":{"line":78,"column":7},"end":{"line":84,"column":1}}]},"6":{"type":"branch","line":89,"loc":{"start":{"line":89,"column":7},"end":{"line":134,"column":1}},"locations":[{"start":{"line":89,"column":7},"end":{"line":134,"column":1}}]},"7":{"type":"branch","line":93,"loc":{"start":{"line":93,"column":18},"end":{"line":95,"column":3}},"locations":[{"start":{"line":93,"column":18},"end":{"line":95,"column":3}}]},"8":{"type":"branch","line":97,"loc":{"start":{"line":97,"column":21},"end":{"line":99,"column":3}},"locations":[{"start":{"line":97,"column":21},"end":{"line":99,"column":3}}]},"9":{"type":"branch","line":101,"loc":{"start":{"line":101,"column":22},"end":{"line":103,"column":9}},"locations":[{"start":{"line":101,"column":22},"end":{"line":103,"column":9}}]},"10":{"type":"branch","line":103,"loc":{"start":{"line":103,"column":2},"end":{"line":119,"column":3}},"locations":[{"start":{"line":103,"column":2},"end":{"line":119,"column":3}}]},"11":{"type":"branch","line":104,"loc":{"start":{"line":104,"column":30},"end":{"line":106,"column":5}},"locations":[{"start":{"line":104,"column":30},"end":{"line":106,"column":5}}]},"12":{"type":"branch","line":108,"loc":{"start":{"line":108,"column":33},"end":{"line":110,"column":5}},"locations":[{"start":{"line":108,"column":33},"end":{"line":110,"column":5}}]},"13":{"type":"branch","line":112,"loc":{"start":{"line":112,"column":44},"end":{"line":114,"column":5}},"locations":[{"start":{"line":112,"column":44},"end":{"line":114,"column":5}}]},"14":{"type":"branch","line":116,"loc":{"start":{"line":116,"column":86},"end":{"line":118,"column":5}},"locations":[{"start":{"line":116,"column":86},"end":{"line":118,"column":5}}]},"15":{"type":"branch","line":121,"loc":{"start":{"line":121,"column":44},"end":{"line":123,"column":3}},"locations":[{"start":{"line":121,"column":44},"end":{"line":123,"column":3}}]},"16":{"type":"branch","line":126,"loc":{"start":{"line":126,"column":41},"end":{"line":128,"column":3}},"locations":[{"start":{"line":126,"column":41},"end":{"line":128,"column":3}}]},"17":{"type":"branch","line":139,"loc":{"start":{"line":139,"column":7},"end":{"line":170,"column":1}},"locations":[{"start":{"line":139,"column":7},"end":{"line":170,"column":1}}]},"18":{"type":"branch","line":144,"loc":{"start":{"line":144,"column":26},"end":{"line":151,"column":3}},"locations":[{"start":{"line":144,"column":26},"end":{"line":151,"column":3}}]},"19":{"type":"branch","line":154,"loc":{"start":{"line":154,"column":23},"end":{"line":159,"column":3}},"locations":[{"start":{"line":154,"column":23},"end":{"line":159,"column":3}}]},"20":{"type":"branch","line":162,"loc":{"start":{"line":162,"column":29},"end":{"line":167,"column":3}},"locations":[{"start":{"line":162,"column":29},"end":{"line":167,"column":3}}]},"21":{"type":"branch","line":164,"loc":{"start":{"line":164,"column":26},"end":{"line":166,"column":5}},"locations":[{"start":{"line":164,"column":26},"end":{"line":166,"column":5}}]},"22":{"type":"branch","line":145,"loc":{"start":{"line":145,"column":43},"end":{"line":145,"column":87}},"locations":[{"start":{"line":145,"column":43},"end":{"line":145,"column":87}}]},"23":{"type":"branch","line":145,"loc":{"start":{"line":145,"column":68},"end":{"line":145,"column":87}},"locations":[{"start":{"line":145,"column":68},"end":{"line":145,"column":87}}]},"24":{"type":"branch","line":175,"loc":{"start":{"line":175,"column":0},"end":{"line":228,"column":1}},"locations":[{"start":{"line":175,"column":0},"end":{"line":228,"column":1}}]},"25":{"type":"branch","line":179,"loc":{"start":{"line":179,"column":28},"end":{"line":225,"column":3}},"locations":[{"start":{"line":179,"column":28},"end":{"line":225,"column":3}}]},"26":{"type":"branch","line":186,"loc":{"start":{"line":186,"column":8},"end":{"line":188,"column":16}},"locations":[{"start":{"line":186,"column":8},"end":{"line":188,"column":16}}]},"27":{"type":"branch","line":189,"loc":{"start":{"line":189,"column":8},"end":{"line":191,"column":16}},"locations":[{"start":{"line":189,"column":8},"end":{"line":191,"column":16}}]},"28":{"type":"branch","line":192,"loc":{"start":{"line":192,"column":8},"end":{"line":194,"column":16}},"locations":[{"start":{"line":192,"column":8},"end":{"line":194,"column":16}}]},"29":{"type":"branch","line":195,"loc":{"start":{"line":195,"column":8},"end":{"line":205,"column":16}},"locations":[{"start":{"line":195,"column":8},"end":{"line":205,"column":16}}]},"30":{"type":"branch","line":197,"loc":{"start":{"line":197,"column":39},"end":{"line":197,"column":70}},"locations":[{"start":{"line":197,"column":39},"end":{"line":197,"column":70}}]},"31":{"type":"branch","line":197,"loc":{"start":{"line":197,"column":70},"end":{"line":201,"column":17}},"locations":[{"start":{"line":197,"column":70},"end":{"line":201,"column":17}}]},"32":{"type":"branch","line":206,"loc":{"start":{"line":206,"column":8},"end":{"line":210,"column":16}},"locations":[{"start":{"line":206,"column":8},"end":{"line":210,"column":16}}]},"33":{"type":"branch","line":207,"loc":{"start":{"line":207,"column":77},"end":{"line":209,"column":11}},"locations":[{"start":{"line":207,"column":77},"end":{"line":209,"column":11}}]},"34":{"type":"branch","line":211,"loc":{"start":{"line":211,"column":8},"end":{"line":213,"column":16}},"locations":[{"start":{"line":211,"column":8},"end":{"line":213,"column":16}}]},"35":{"type":"branch","line":214,"loc":{"start":{"line":214,"column":8},"end":{"line":216,"column":16}},"locations":[{"start":{"line":214,"column":8},"end":{"line":216,"column":16}}]},"36":{"type":"branch","line":217,"loc":{"start":{"line":217,"column":8},"end":{"line":222,"column":16}},"locations":[{"start":{"line":217,"column":8},"end":{"line":222,"column":16}}]},"37":{"type":"branch","line":219,"loc":{"start":{"line":219,"column":29},"end":{"line":221,"column":11}},"locations":[{"start":{"line":219,"column":29},"end":{"line":221,"column":11}}]},"38":{"type":"branch","line":203,"loc":{"start":{"line":203,"column":54},"end":{"line":203,"column":71}},"locations":[{"start":{"line":203,"column":54},"end":{"line":203,"column":71}}]},"39":{"type":"branch","line":233,"loc":{"start":{"line":233,"column":7},"end":{"line":290,"column":1}},"locations":[{"start":{"line":233,"column":7},"end":{"line":290,"column":1}}]},"40":{"type":"branch","line":254,"loc":{"start":{"line":254,"column":28},"end":{"line":270,"column":3}},"locations":[{"start":{"line":254,"column":28},"end":{"line":270,"column":3}}]},"41":{"type":"branch","line":260,"loc":{"start":{"line":260,"column":61},"end":{"line":260,"column":71}},"locations":[{"start":{"line":260,"column":61},"end":{"line":260,"column":71}}]},"42":{"type":"branch","line":263,"loc":{"start":{"line":263,"column":42},"end":{"line":265,"column":5}},"locations":[{"start":{"line":263,"column":42},"end":{"line":265,"column":5}}]},"43":{"type":"branch","line":264,"loc":{"start":{"line":264,"column":43},"end":{"line":264,"column":53}},"locations":[{"start":{"line":264,"column":43},"end":{"line":264,"column":53}}]},"44":{"type":"branch","line":273,"loc":{"start":{"line":273,"column":69},"end":{"line":273,"column":80}},"locations":[{"start":{"line":273,"column":69},"end":{"line":273,"column":80}}]},"45":{"type":"branch","line":277,"loc":{"start":{"line":277,"column":9},"end":{"line":277,"column":53}},"locations":[{"start":{"line":277,"column":9},"end":{"line":277,"column":53}}]},"46":{"type":"branch","line":278,"loc":{"start":{"line":278,"column":10},"end":{"line":278,"column":37}},"locations":[{"start":{"line":278,"column":10},"end":{"line":278,"column":37}}]},"47":{"type":"branch","line":281,"loc":{"start":{"line":281,"column":9},"end":{"line":281,"column":43}},"locations":[{"start":{"line":281,"column":9},"end":{"line":281,"column":43}}]},"48":{"type":"branch","line":282,"loc":{"start":{"line":282,"column":10},"end":{"line":282,"column":37}},"locations":[{"start":{"line":282,"column":10},"end":{"line":282,"column":37}}]},"49":{"type":"branch","line":286,"loc":{"start":{"line":286,"column":9},"end":{"line":286,"column":57}},"locations":[{"start":{"line":286,"column":9},"end":{"line":286,"column":57}}]},"50":{"type":"branch","line":287,"loc":{"start":{"line":287,"column":10},"end":{"line":287,"column":37}},"locations":[{"start":{"line":287,"column":10},"end":{"line":287,"column":37}}]},"51":{"type":"branch","line":295,"loc":{"start":{"line":295,"column":7},"end":{"line":357,"column":1}},"locations":[{"start":{"line":295,"column":7},"end":{"line":357,"column":1}}]},"52":{"type":"branch","line":308,"loc":{"start":{"line":308,"column":28},"end":{"line":350,"column":3}},"locations":[{"start":{"line":308,"column":28},"end":{"line":350,"column":3}}]},"53":{"type":"branch","line":310,"loc":{"start":{"line":310,"column":8},"end":{"line":310,"column":57}},"locations":[{"start":{"line":310,"column":8},"end":{"line":310,"column":57}}]},"54":{"type":"branch","line":310,"loc":{"start":{"line":310,"column":57},"end":{"line":312,"column":5}},"locations":[{"start":{"line":310,"column":57},"end":{"line":312,"column":5}}]},"55":{"type":"branch","line":312,"loc":{"start":{"line":312,"column":4},"end":{"line":315,"column":16}},"locations":[{"start":{"line":312,"column":4},"end":{"line":315,"column":16}}]},"56":{"type":"branch","line":315,"loc":{"start":{"line":315,"column":8},"end":{"line":315,"column":33}},"locations":[{"start":{"line":315,"column":8},"end":{"line":315,"column":33}}]},"57":{"type":"branch","line":315,"loc":{"start":{"line":315,"column":33},"end":{"line":320,"column":5}},"locations":[{"start":{"line":315,"column":33},"end":{"line":320,"column":5}}]},"58":{"type":"branch","line":317,"loc":{"start":{"line":317,"column":27},"end":{"line":319,"column":7}},"locations":[{"start":{"line":317,"column":27},"end":{"line":319,"column":7}}]},"59":{"type":"branch","line":320,"loc":{"start":{"line":320,"column":4},"end":{"line":324,"column":84}},"locations":[{"start":{"line":320,"column":4},"end":{"line":324,"column":84}}]},"60":{"type":"branch","line":326,"loc":{"start":{"line":326,"column":35},"end":{"line":347,"column":19}},"locations":[{"start":{"line":326,"column":35},"end":{"line":347,"column":19}}]},"61":{"type":"branch","line":328,"loc":{"start":{"line":328,"column":60},"end":{"line":330,"column":7}},"locations":[{"start":{"line":328,"column":60},"end":{"line":330,"column":7}}]},"62":{"type":"branch","line":333,"loc":{"start":{"line":333,"column":24},"end":{"line":333,"column":49}},"locations":[{"start":{"line":333,"column":24},"end":{"line":333,"column":49}}]},"63":{"type":"branch","line":333,"loc":{"start":{"line":333,"column":67},"end":{"line":335,"column":7}},"locations":[{"start":{"line":333,"column":67},"end":{"line":335,"column":7}}]},"64":{"type":"branch","line":338,"loc":{"start":{"line":338,"column":72},"end":{"line":338,"column":81}},"locations":[{"start":{"line":338,"column":72},"end":{"line":338,"column":81}}]},"65":{"type":"branch","line":342,"loc":{"start":{"line":342,"column":76},"end":{"line":344,"column":7}},"locations":[{"start":{"line":342,"column":76},"end":{"line":344,"column":7}}]},"66":{"type":"branch","line":347,"loc":{"start":{"line":347,"column":19},"end":{"line":349,"column":5}},"locations":[{"start":{"line":347,"column":19},"end":{"line":349,"column":5}}]},"67":{"type":"branch","line":305,"loc":{"start":{"line":305,"column":61},"end":{"line":305,"column":84}},"locations":[{"start":{"line":305,"column":61},"end":{"line":305,"column":84}}]},"68":{"type":"branch","line":316,"loc":{"start":{"line":316,"column":39},"end":{"line":316,"column":78}},"locations":[{"start":{"line":316,"column":39},"end":{"line":316,"column":78}}]},"69":{"type":"branch","line":342,"loc":{"start":{"line":342,"column":34},"end":{"line":342,"column":73}},"locations":[{"start":{"line":342,"column":34},"end":{"line":342,"column":73}}]},"70":{"type":"branch","line":354,"loc":{"start":{"line":354,"column":10},"end":{"line":354,"column":37}},"locations":[{"start":{"line":354,"column":10},"end":{"line":354,"column":37}}]},"71":{"type":"branch","line":356,"loc":{"start":{"line":356,"column":9},"end":{"line":356,"column":30}},"locations":[{"start":{"line":356,"column":9},"end":{"line":356,"column":30}}]},"72":{"type":"branch","line":362,"loc":{"start":{"line":362,"column":7},"end":{"line":373,"column":1}},"locations":[{"start":{"line":362,"column":7},"end":{"line":373,"column":1}}]},"73":{"type":"branch","line":367,"loc":{"start":{"line":367,"column":17},"end":{"line":367,"column":55}},"locations":[{"start":{"line":367,"column":17},"end":{"line":367,"column":55}}]},"74":{"type":"branch","line":367,"loc":{"start":{"line":367,"column":55},"end":{"line":370,"column":3}},"locations":[{"start":{"line":367,"column":55},"end":{"line":370,"column":3}}]},"75":{"type":"branch","line":378,"loc":{"start":{"line":378,"column":7},"end":{"line":386,"column":1}},"locations":[{"start":{"line":378,"column":7},"end":{"line":386,"column":1}}]},"76":{"type":"branch","line":379,"loc":{"start":{"line":379,"column":27},"end":{"line":381,"column":13}},"locations":[{"start":{"line":379,"column":27},"end":{"line":381,"column":13}}]},"77":{"type":"branch","line":381,"loc":{"start":{"line":381,"column":2},"end":{"line":385,"column":3}},"locations":[{"start":{"line":381,"column":2},"end":{"line":385,"column":3}}]},"78":{"type":"branch","line":381,"loc":{"start":{"line":381,"column":35},"end":{"line":383,"column":9}},"locations":[{"start":{"line":381,"column":35},"end":{"line":383,"column":9}}]},"79":{"type":"branch","line":383,"loc":{"start":{"line":383,"column":2},"end":{"line":385,"column":3}},"locations":[{"start":{"line":383,"column":2},"end":{"line":385,"column":3}}]}},"b":{"0":[1],"1":[2],"2":[3],"3":[1],"4":[0],"5":[1],"6":[11],"7":[1],"8":[2],"9":[1],"10":[10],"11":[1],"12":[1],"13":[1],"14":[1],"15":[1],"16":[1],"17":[6],"18":[4],"19":[4],"20":[4],"21":[1],"22":[20],"23":[16],"24":[4],"25":[12],"26":[2],"27":[2],"28":[1],"29":[1],"30":[0],"31":[0],"32":[2],"33":[1],"34":[1],"35":[1],"36":[2],"37":[1],"38":[3],"39":[1],"40":[3],"41":[2],"42":[5],"43":[4],"44":[0],"45":[2],"46":[1],"47":[4],"48":[3],"49":[3],"50":[2],"51":[6],"52":[18],"53":[3],"54":[1],"55":[17],"56":[3],"57":[3],"58":[2],"59":[15],"60":[15],"61":[3],"62":[0],"63":[0],"64":[8],"65":[4],"66":[7],"67":[6],"68":[3],"69":[31],"70":[2],"71":[6],"72":[7],"73":[9],"74":[9],"75":[4],"76":[1],"77":[3],"78":[1],"79":[2]},"fnMap":{"0":{"name":"createContentRegistry","decl":{"start":{"line":25,"column":7},"end":{"line":27,"column":1}},"loc":{"start":{"line":25,"column":7},"end":{"line":27,"column":1}},"line":25},"1":{"name":"processContentFiles","decl":{"start":{"line":32,"column":0},"end":{"line":73,"column":1}},"loc":{"start":{"line":32,"column":0},"end":{"line":73,"column":1}},"line":32},"2":{"name":"buildHelpSystemContent","decl":{"start":{"line":78,"column":7},"end":{"line":84,"column":1}},"loc":{"start":{"line":78,"column":7},"end":{"line":84,"column":1}},"line":78},"3":{"name":"validateContentFile","decl":{"start":{"line":89,"column":7},"end":{"line":134,"column":1}},"loc":{"start":{"line":89,"column":7},"end":{"line":134,"column":1}},"line":89},"4":{"name":"extractMetadataFromMarkdown","decl":{"start":{"line":139,"column":7},"end":{"line":170,"column":1}},"loc":{"start":{"line":139,"column":7},"end":{"line":170,"column":1}},"line":139},"5":{"name":"parseYamlFrontmatter","decl":{"start":{"line":175,"column":0},"end":{"line":228,"column":1}},"loc":{"start":{"line":175,"column":0},"end":{"line":228,"column":1}},"line":175},"6":{"name":"generateContentStats","decl":{"start":{"line":233,"column":7},"end":{"line":290,"column":1}},"loc":{"start":{"line":233,"column":7},"end":{"line":290,"column":1}},"line":233},"7":{"name":"searchContent","decl":{"start":{"line":295,"column":7},"end":{"line":357,"column":1}},"loc":{"start":{"line":295,"column":7},"end":{"line":357,"column":1}},"line":295},"8":{"name":"formatFileSize","decl":{"start":{"line":362,"column":7},"end":{"line":373,"column":1}},"loc":{"start":{"line":362,"column":7},"end":{"line":373,"column":1}},"line":362},"9":{"name":"formatProcessingTime","decl":{"start":{"line":378,"column":7},"end":{"line":386,"column":1}},"loc":{"start":{"line":378,"column":7},"end":{"line":386,"column":1}},"line":378}},"f":{"0":1,"1":2,"2":1,"3":11,"4":6,"5":4,"6":1,"7":6,"8":7,"9":4}}
}
